<?xml version="1.0" encoding="UTF-8"?>
<coverage generated="1742073309384" clover="3.2.0">
  <project timestamp="1742073309384" name="All files">
    <metrics statements="487" coveredstatements="244" conditionals="170" coveredconditionals="76" methods="104" coveredmethods="45" elements="761" coveredelements="365" complexity="0" loc="487" ncloc="487" packages="1" files="2" classes="2"/>
    <file name="simulatorUI.js" path="C:\Users\Emperor Haddad\OneDrive - Canterbury Christ Church University\Documents\CCCU\Final project\DO NOT TOUCH MORTALS\LMC_simulator_game\src\compiled\simulatorUI.js">
      <metrics statements="251" coveredstatements="17" conditionals="90" coveredconditionals="6" methods="59" coveredmethods="2"/>
      <line num="1" count="1" type="cond" truecount="2" falsecount="1"/>
      <line num="2" count="0" type="cond" truecount="0" falsecount="2"/>
      <line num="3" count="0" type="cond" truecount="0" falsecount="2"/>
      <line num="4" count="0" type="stmt"/>
      <line num="5" count="0" type="stmt"/>
      <line num="6" count="0" type="cond" truecount="0" falsecount="2"/>
      <line num="7" count="0" type="cond" truecount="0" falsecount="2"/>
      <line num="13" count="1" type="stmt"/>
      <line num="14" count="1" type="stmt"/>
      <line num="15" count="1" type="stmt"/>
      <line num="16" count="1" type="stmt"/>
      <line num="17" count="1" type="stmt"/>
      <line num="21" count="1" type="stmt"/>
      <line num="22" count="1" type="stmt"/>
      <line num="23" count="1" type="stmt"/>
      <line num="24" count="1" type="stmt"/>
      <line num="25" count="1" type="stmt"/>
      <line num="27" count="1" type="stmt"/>
      <line num="29" count="1" type="stmt"/>
      <line num="30" count="1" type="stmt"/>
      <line num="31" count="1" type="stmt"/>
      <line num="33" count="1" type="stmt"/>
      <line num="35" count="1" type="stmt"/>
      <line num="41" count="0" type="stmt"/>
      <line num="44" count="0" type="stmt"/>
      <line num="47" count="0" type="stmt"/>
      <line num="49" count="0" type="stmt"/>
      <line num="51" count="0" type="stmt"/>
      <line num="53" count="0" type="stmt"/>
      <line num="56" count="0" type="stmt"/>
      <line num="62" count="0" type="stmt"/>
      <line num="64" count="0" type="stmt"/>
      <line num="66" count="0" type="stmt"/>
      <line num="74" count="0" type="stmt"/>
      <line num="76" count="0" type="cond" truecount="0" falsecount="2"/>
      <line num="77" count="0" type="stmt"/>
      <line num="82" count="0" type="stmt"/>
      <line num="85" count="0" type="stmt"/>
      <line num="86" count="0" type="cond" truecount="0" falsecount="2"/>
      <line num="87" count="0" type="stmt"/>
      <line num="90" count="0" type="stmt"/>
      <line num="96" count="0" type="stmt"/>
      <line num="102" count="0" type="stmt"/>
      <line num="106" count="0" type="stmt"/>
      <line num="108" count="0" type="stmt"/>
      <line num="110" count="0" type="cond" truecount="0" falsecount="2"/>
      <line num="111" count="0" type="stmt"/>
      <line num="115" count="0" type="stmt"/>
      <line num="117" count="0" type="stmt"/>
      <line num="119" count="0" type="stmt"/>
      <line num="126" count="0" type="stmt"/>
      <line num="131" count="0" type="cond" truecount="0" falsecount="7"/>
      <line num="133" count="0" type="stmt"/>
      <line num="134" count="0" type="stmt"/>
      <line num="136" count="0" type="stmt"/>
      <line num="137" count="0" type="stmt"/>
      <line num="139" count="0" type="stmt"/>
      <line num="140" count="0" type="stmt"/>
      <line num="142" count="0" type="stmt"/>
      <line num="143" count="0" type="stmt"/>
      <line num="145" count="0" type="stmt"/>
      <line num="146" count="0" type="stmt"/>
      <line num="148" count="0" type="stmt"/>
      <line num="149" count="0" type="stmt"/>
      <line num="151" count="0" type="stmt"/>
      <line num="152" count="0" type="stmt"/>
      <line num="158" count="0" type="stmt"/>
      <line num="161" count="0" type="stmt"/>
      <line num="162" count="0" type="stmt"/>
      <line num="164" count="0" type="stmt"/>
      <line num="165" count="0" type="cond" truecount="0" falsecount="4"/>
      <line num="166" count="0" type="stmt"/>
      <line num="168" count="0" type="stmt"/>
      <line num="169" count="0" type="stmt"/>
      <line num="170" count="0" type="cond" truecount="0" falsecount="4"/>
      <line num="173" count="0" type="stmt"/>
      <line num="174" count="0" type="stmt"/>
      <line num="176" count="0" type="stmt"/>
      <line num="177" count="0" type="stmt"/>
      <line num="179" count="0" type="stmt"/>
      <line num="180" count="0" type="stmt"/>
      <line num="182" count="0" type="stmt"/>
      <line num="187" count="0" type="stmt"/>
      <line num="189" count="0" type="cond" truecount="0" falsecount="2"/>
      <line num="191" count="0" type="stmt"/>
      <line num="192" count="0" type="cond" truecount="0" falsecount="2"/>
      <line num="193" count="0" type="stmt"/>
      <line num="198" count="0" type="stmt"/>
      <line num="199" count="0" type="cond" truecount="0" falsecount="2"/>
      <line num="200" count="0" type="stmt"/>
      <line num="203" count="0" type="stmt"/>
      <line num="204" count="0" type="stmt"/>
      <line num="209" count="0" type="stmt"/>
      <line num="210" count="0" type="cond" truecount="0" falsecount="2"/>
      <line num="212" count="0" type="stmt"/>
      <line num="213" count="0" type="cond" truecount="0" falsecount="2"/>
      <line num="214" count="0" type="stmt"/>
      <line num="219" count="0" type="stmt"/>
      <line num="220" count="0" type="cond" truecount="0" falsecount="2"/>
      <line num="221" count="0" type="stmt"/>
      <line num="224" count="0" type="stmt"/>
      <line num="225" count="0" type="stmt"/>
      <line num="229" count="0" type="stmt"/>
      <line num="230" count="0" type="stmt"/>
      <line num="232" count="0" type="stmt"/>
      <line num="243" count="0" type="cond" truecount="0" falsecount="5"/>
      <line num="244" count="0" type="stmt"/>
      <line num="247" count="0" type="cond" truecount="0" falsecount="4"/>
      <line num="248" count="0" type="stmt"/>
      <line num="252" count="0" type="stmt"/>
      <line num="262" count="0" type="stmt"/>
      <line num="263" count="0" type="stmt"/>
      <line num="270" count="0" type="stmt"/>
      <line num="271" count="0" type="stmt"/>
      <line num="273" count="0" type="stmt"/>
      <line num="274" count="0" type="stmt"/>
      <line num="275" count="0" type="cond" truecount="0" falsecount="2"/>
      <line num="276" count="0" type="stmt"/>
      <line num="279" count="0" type="stmt"/>
      <line num="282" count="0" type="stmt"/>
      <line num="286" count="0" type="stmt"/>
      <line num="293" count="0" type="stmt"/>
      <line num="294" count="0" type="stmt"/>
      <line num="295" count="0" type="stmt"/>
      <line num="296" count="0" type="stmt"/>
      <line num="297" count="0" type="stmt"/>
      <line num="298" count="0" type="cond" truecount="0" falsecount="2"/>
      <line num="299" count="0" type="stmt"/>
      <line num="300" count="0" type="stmt"/>
      <line num="301" count="0" type="stmt"/>
      <line num="304" count="0" type="stmt"/>
      <line num="307" count="0" type="stmt"/>
      <line num="310" count="0" type="stmt"/>
      <line num="311" count="0" type="stmt"/>
      <line num="312" count="0" type="stmt"/>
      <line num="313" count="0" type="stmt"/>
      <line num="314" count="0" type="stmt"/>
      <line num="317" count="0" type="cond" truecount="0" falsecount="2"/>
      <line num="318" count="0" type="stmt"/>
      <line num="320" count="0" type="stmt"/>
      <line num="321" count="0" type="stmt"/>
      <line num="324" count="0" type="stmt"/>
      <line num="325" count="0" type="stmt"/>
      <line num="326" count="0" type="stmt"/>
      <line num="330" count="0" type="stmt"/>
      <line num="331" count="0" type="stmt"/>
      <line num="332" count="0" type="stmt"/>
      <line num="334" count="0" type="cond" truecount="0" falsecount="2"/>
      <line num="335" count="0" type="stmt"/>
      <line num="338" count="0" type="stmt"/>
      <line num="339" count="0" type="stmt"/>
      <line num="340" count="0" type="cond" truecount="0" falsecount="2"/>
      <line num="341" count="0" type="stmt"/>
      <line num="346" count="0" type="stmt"/>
      <line num="348" count="0" type="stmt"/>
      <line num="353" count="0" type="stmt"/>
      <line num="354" count="0" type="stmt"/>
      <line num="355" count="0" type="stmt"/>
      <line num="358" count="0" type="cond" truecount="0" falsecount="3"/>
      <line num="360" count="0" type="stmt"/>
      <line num="361" count="0" type="stmt"/>
      <line num="364" count="0" type="stmt"/>
      <line num="365" count="0" type="stmt"/>
      <line num="367" count="0" type="stmt"/>
      <line num="368" count="0" type="stmt"/>
      <line num="370" count="0" type="stmt"/>
      <line num="372" count="0" type="stmt"/>
      <line num="377" count="0" type="stmt"/>
      <line num="378" count="0" type="stmt"/>
      <line num="379" count="0" type="stmt"/>
      <line num="380" count="0" type="stmt"/>
      <line num="387" count="0" type="cond" truecount="0" falsecount="4"/>
      <line num="389" count="0" type="stmt"/>
      <line num="390" count="0" type="stmt"/>
      <line num="392" count="0" type="stmt"/>
      <line num="393" count="0" type="stmt"/>
      <line num="395" count="0" type="stmt"/>
      <line num="396" count="0" type="stmt"/>
      <line num="398" count="0" type="stmt"/>
      <line num="399" count="0" type="stmt"/>
      <line num="403" count="0" type="stmt"/>
      <line num="404" count="0" type="stmt"/>
      <line num="405" count="0" type="stmt"/>
      <line num="406" count="0" type="stmt"/>
      <line num="411" count="0" type="stmt"/>
      <line num="412" count="0" type="stmt"/>
      <line num="413" count="0" type="stmt"/>
      <line num="414" count="0" type="stmt"/>
      <line num="417" count="0" type="stmt"/>
      <line num="418" count="0" type="stmt"/>
      <line num="419" count="0" type="stmt"/>
      <line num="421" count="0" type="stmt"/>
      <line num="422" count="0" type="stmt"/>
      <line num="425" count="0" type="stmt"/>
      <line num="427" count="0" type="cond" truecount="0" falsecount="2"/>
      <line num="428" count="0" type="stmt"/>
      <line num="431" count="0" type="stmt"/>
      <line num="436" count="0" type="cond" truecount="0" falsecount="2"/>
      <line num="438" count="0" type="stmt"/>
      <line num="440" count="0" type="stmt"/>
      <line num="442" count="0" type="stmt"/>
      <line num="448" count="0" type="stmt"/>
      <line num="449" count="0" type="cond" truecount="0" falsecount="2"/>
      <line num="450" count="0" type="stmt"/>
      <line num="454" count="0" type="stmt"/>
      <line num="457" count="0" type="stmt"/>
      <line num="465" count="0" type="stmt"/>
      <line num="466" count="0" type="stmt"/>
      <line num="467" count="0" type="stmt"/>
      <line num="468" count="0" type="stmt"/>
      <line num="469" count="0" type="stmt"/>
      <line num="470" count="0" type="stmt"/>
      <line num="471" count="0" type="stmt"/>
      <line num="474" count="0" type="stmt"/>
      <line num="475" count="0" type="stmt"/>
      <line num="476" count="0" type="stmt"/>
      <line num="479" count="0" type="stmt"/>
      <line num="480" count="0" type="stmt"/>
      <line num="481" count="0" type="stmt"/>
      <line num="484" count="0" type="stmt"/>
      <line num="485" count="0" type="stmt"/>
      <line num="487" count="0" type="stmt"/>
      <line num="489" count="0" type="stmt"/>
      <line num="493" count="0" type="stmt"/>
      <line num="494" count="0" type="stmt"/>
      <line num="498" count="0" type="stmt"/>
      <line num="499" count="0" type="stmt"/>
      <line num="500" count="0" type="stmt"/>
      <line num="503" count="0" type="cond" truecount="0" falsecount="10"/>
      <line num="505" count="0" type="stmt"/>
      <line num="506" count="0" type="stmt"/>
      <line num="509" count="0" type="stmt"/>
      <line num="510" count="0" type="stmt"/>
      <line num="512" count="0" type="stmt"/>
      <line num="513" count="0" type="stmt"/>
      <line num="515" count="0" type="stmt"/>
      <line num="516" count="0" type="stmt"/>
      <line num="518" count="0" type="stmt"/>
      <line num="519" count="0" type="stmt"/>
      <line num="523" count="0" type="stmt"/>
      <line num="524" count="0" type="stmt"/>
      <line num="527" count="0" type="stmt"/>
      <line num="528" count="0" type="stmt"/>
      <line num="530" count="0" type="stmt"/>
      <line num="531" count="0" type="stmt"/>
      <line num="533" count="0" type="stmt"/>
      <line num="534" count="0" type="stmt"/>
      <line num="535" count="0" type="stmt"/>
      <line num="541" count="0" type="stmt"/>
      <line num="544" count="0" type="stmt"/>
      <line num="545" count="0" type="stmt"/>
    </file>
    <file name="vonNeumann.js" path="C:\Users\Emperor Haddad\OneDrive - Canterbury Christ Church University\Documents\CCCU\Final project\DO NOT TOUCH MORTALS\LMC_simulator_game\src\compiled\vonNeumann.js">
      <metrics statements="236" coveredstatements="227" conditionals="80" coveredconditionals="70" methods="45" coveredmethods="43"/>
      <line num="1" count="1" type="cond" truecount="2" falsecount="1"/>
      <line num="2" count="559" type="cond" truecount="1" falsecount="1"/>
      <line num="3" count="115" type="cond" truecount="2" falsecount="0"/>
      <line num="4" count="559" type="stmt"/>
      <line num="5" count="0" type="stmt"/>
      <line num="6" count="674" type="cond" truecount="2" falsecount="0"/>
      <line num="7" count="115" type="cond" truecount="2" falsecount="0"/>
      <line num="14" count="1" type="stmt"/>
      <line num="15" count="1" type="stmt"/>
      <line num="16" count="1" type="stmt"/>
      <line num="17" count="1" type="stmt"/>
      <line num="18" count="1" type="stmt"/>
      <line num="22" count="1" type="stmt"/>
      <line num="23" count="1" type="stmt"/>
      <line num="24" count="1" type="stmt"/>
      <line num="25" count="1" type="stmt"/>
      <line num="33" count="42" type="stmt"/>
      <line num="35" count="42" type="stmt"/>
      <line num="37" count="181" type="stmt"/>
      <line num="39" count="181" type="cond" truecount="1" falsecount="1"/>
      <line num="40" count="0" type="stmt"/>
      <line num="43" count="181" type="stmt"/>
      <line num="48" count="326" type="stmt"/>
      <line num="50" count="326" type="cond" truecount="2" falsecount="0"/>
      <line num="51" count="13" type="stmt"/>
      <line num="54" count="313" type="stmt"/>
      <line num="56" count="9" type="stmt"/>
      <line num="61" count="42" type="stmt"/>
      <line num="64" count="42" type="stmt"/>
      <line num="67" count="6" type="stmt"/>
      <line num="73" count="7" type="stmt"/>
      <line num="75" count="7" type="cond" truecount="2" falsecount="0"/>
      <line num="76" count="2" type="stmt"/>
      <line num="77" count="2" type="stmt"/>
      <line num="79" count="2" type="stmt"/>
      <line num="81" count="5" type="cond" truecount="2" falsecount="0"/>
      <line num="82" count="1" type="stmt"/>
      <line num="83" count="1" type="stmt"/>
      <line num="85" count="1" type="stmt"/>
      <line num="88" count="4" type="stmt"/>
      <line num="89" count="4" type="stmt"/>
      <line num="92" count="2" type="stmt"/>
      <line num="96" count="12" type="stmt"/>
      <line num="97" count="12" type="cond" truecount="2" falsecount="0"/>
      <line num="98" count="6" type="stmt"/>
      <line num="101" count="12" type="cond" truecount="3" falsecount="0"/>
      <line num="104" count="4" type="stmt"/>
      <line num="105" count="4" type="stmt"/>
      <line num="107" count="4" type="stmt"/>
      <line num="108" count="4" type="stmt"/>
      <line num="110" count="4" type="stmt"/>
      <line num="111" count="4" type="stmt"/>
      <line num="114" count="12" type="cond" truecount="2" falsecount="0"/>
      <line num="115" count="6" type="stmt"/>
      <line num="118" count="6" type="stmt"/>
      <line num="120" count="12" type="cond" truecount="2" falsecount="0"/>
      <line num="121" count="6" type="stmt"/>
      <line num="124" count="12" type="stmt"/>
      <line num="130" count="42" type="stmt"/>
      <line num="131" count="42" type="stmt"/>
      <line num="132" count="42" type="stmt"/>
      <line num="133" count="42" type="stmt"/>
      <line num="137" count="2165" type="cond" truecount="4" falsecount="0"/>
      <line num="138" count="1029" type="stmt"/>
      <line num="139" count="258" type="stmt"/>
      <line num="140" count="771" type="stmt"/>
      <line num="141" count="107" type="stmt"/>
      <line num="145" count="548" type="cond" truecount="4" falsecount="0"/>
      <line num="147" count="135" type="stmt"/>
      <line num="148" count="135" type="stmt"/>
      <line num="150" count="171" type="stmt"/>
      <line num="151" count="171" type="stmt"/>
      <line num="153" count="171" type="stmt"/>
      <line num="154" count="171" type="stmt"/>
      <line num="155" count="71" type="stmt"/>
      <line num="161" count="42" type="stmt"/>
      <line num="163" count="42" type="stmt"/>
      <line num="167" count="40" type="stmt"/>
      <line num="168" count="40" type="stmt"/>
      <line num="172" count="33" type="stmt"/>
      <line num="174" count="33" type="cond" truecount="1" falsecount="1"/>
      <line num="175" count="0" type="stmt"/>
      <line num="178" count="33" type="stmt"/>
      <line num="181" count="33" type="cond" truecount="1" falsecount="1"/>
      <line num="182" count="33" type="stmt"/>
      <line num="184" count="0" type="stmt"/>
      <line num="189" count="76" type="stmt"/>
      <line num="192" count="37" type="stmt"/>
      <line num="194" count="37" type="cond" truecount="1" falsecount="1"/>
      <line num="195" count="0" type="stmt"/>
      <line num="198" count="37" type="stmt"/>
      <line num="206" count="42" type="stmt"/>
      <line num="207" count="42" type="stmt"/>
      <line num="208" count="42" type="stmt"/>
      <line num="209" count="42" type="stmt"/>
      <line num="211" count="42" type="stmt"/>
      <line num="212" count="42" type="stmt"/>
      <line num="214" count="42" type="cond" truecount="2" falsecount="0"/>
      <line num="218" count="42" type="stmt"/>
      <line num="223" count="171" type="stmt"/>
      <line num="225" count="171" type="stmt"/>
      <line num="227" count="171" type="stmt"/>
      <line num="228" count="171" type="stmt"/>
      <line num="229" count="171" type="stmt"/>
      <line num="230" count="171" type="stmt"/>
      <line num="233" count="129" type="stmt"/>
      <line num="235" count="129" type="stmt"/>
      <line num="236" count="129" type="stmt"/>
      <line num="237" count="129" type="stmt"/>
      <line num="238" count="129" type="cond" truecount="9" falsecount="0"/>
      <line num="241" count="5" type="stmt"/>
      <line num="242" count="5" type="stmt"/>
      <line num="244" count="2" type="stmt"/>
      <line num="245" count="2" type="stmt"/>
      <line num="247" count="9" type="stmt"/>
      <line num="248" count="9" type="stmt"/>
      <line num="250" count="12" type="stmt"/>
      <line num="251" count="12" type="stmt"/>
      <line num="255" count="19" type="stmt"/>
      <line num="256" count="19" type="stmt"/>
      <line num="258" count="1" type="stmt"/>
      <line num="259" count="1" type="stmt"/>
      <line num="261" count="5" type="stmt"/>
      <line num="262" count="5" type="stmt"/>
      <line num="264" count="3" type="stmt"/>
      <line num="265" count="3" type="stmt"/>
      <line num="266" count="73" type="stmt"/>
      <line num="275" count="5" type="stmt"/>
      <line num="276" count="5" type="stmt"/>
      <line num="277" count="5" type="stmt"/>
      <line num="278" count="5" type="stmt"/>
      <line num="279" count="5" type="stmt"/>
      <line num="280" count="5" type="stmt"/>
      <line num="287" count="2" type="stmt"/>
      <line num="288" count="2" type="stmt"/>
      <line num="289" count="2" type="stmt"/>
      <line num="290" count="2" type="stmt"/>
      <line num="291" count="2" type="stmt"/>
      <line num="292" count="2" type="stmt"/>
      <line num="296" count="9" type="stmt"/>
      <line num="297" count="9" type="stmt"/>
      <line num="298" count="9" type="stmt"/>
      <line num="299" count="9" type="stmt"/>
      <line num="300" count="9" type="stmt"/>
      <line num="301" count="9" type="stmt"/>
      <line num="305" count="12" type="cond" truecount="2" falsecount="0"/>
      <line num="306" count="6" type="stmt"/>
      <line num="307" count="6" type="stmt"/>
      <line num="310" count="6" type="stmt"/>
      <line num="311" count="6" type="stmt"/>
      <line num="313" count="12" type="stmt"/>
      <line num="314" count="12" type="stmt"/>
      <line num="318" count="19" type="stmt"/>
      <line num="319" count="19" type="stmt"/>
      <line num="320" count="19" type="stmt"/>
      <line num="321" count="19" type="stmt"/>
      <line num="322" count="19" type="stmt"/>
      <line num="324" count="19" type="stmt"/>
      <line num="328" count="1" type="stmt"/>
      <line num="329" count="1" type="stmt"/>
      <line num="331" count="1" type="stmt"/>
      <line num="332" count="1" type="stmt"/>
      <line num="336" count="5" type="stmt"/>
      <line num="337" count="5" type="cond" truecount="2" falsecount="0"/>
      <line num="339" count="2" type="stmt"/>
      <line num="340" count="2" type="stmt"/>
      <line num="341" count="2" type="stmt"/>
      <line num="342" count="2" type="stmt"/>
      <line num="344" count="3" type="stmt"/>
      <line num="345" count="3" type="stmt"/>
      <line num="349" count="3" type="stmt"/>
      <line num="350" count="3" type="cond" truecount="2" falsecount="0"/>
      <line num="352" count="2" type="stmt"/>
      <line num="353" count="2" type="stmt"/>
      <line num="354" count="2" type="stmt"/>
      <line num="355" count="2" type="stmt"/>
      <line num="357" count="1" type="stmt"/>
      <line num="358" count="1" type="stmt"/>
      <line num="361" count="73" type="stmt"/>
      <line num="364" count="73" type="stmt"/>
      <line num="365" count="73" type="cond" truecount="3" falsecount="0"/>
      <line num="369" count="33" type="stmt"/>
      <line num="370" count="33" type="cond" truecount="1" falsecount="1"/>
      <line num="371" count="0" type="cond" truecount="0" falsecount="2"/>
      <line num="372" count="0" type="stmt"/>
      <line num="376" count="0" type="stmt"/>
      <line num="380" count="33" type="stmt"/>
      <line num="381" count="33" type="stmt"/>
      <line num="382" count="33" type="stmt"/>
      <line num="383" count="33" type="stmt"/>
      <line num="384" count="33" type="stmt"/>
      <line num="387" count="34" type="stmt"/>
      <line num="388" count="34" type="stmt"/>
      <line num="389" count="34" type="stmt"/>
      <line num="390" count="34" type="stmt"/>
      <line num="391" count="34" type="stmt"/>
      <line num="392" count="34" type="stmt"/>
      <line num="395" count="6" type="stmt"/>
      <line num="396" count="6" type="stmt"/>
      <line num="399" count="6" type="cond" truecount="4" falsecount="0"/>
      <line num="400" count="3" type="stmt"/>
      <line num="401" count="3" type="stmt"/>
      <line num="404" count="3" type="stmt"/>
      <line num="406" count="3" type="stmt"/>
      <line num="407" count="3" type="stmt"/>
      <line num="412" count="1916" type="cond" truecount="1" falsecount="1"/>
      <line num="413" count="1916" type="stmt"/>
      <line num="416" count="0" type="stmt"/>
      <line num="421" count="42" type="stmt"/>
      <line num="422" count="559" type="stmt"/>
      <line num="424" count="42" type="stmt"/>
      <line num="427" count="171" type="stmt"/>
      <line num="428" count="171" type="stmt"/>
      <line num="431" count="171" type="stmt"/>
      <line num="432" count="171" type="stmt"/>
      <line num="434" count="171" type="cond" truecount="2" falsecount="0"/>
      <line num="436" count="42" type="stmt"/>
      <line num="437" count="42" type="stmt"/>
      <line num="438" count="42" type="stmt"/>
      <line num="440" count="129" type="stmt"/>
      <line num="441" count="129" type="stmt"/>
      <line num="443" count="129" type="stmt"/>
      <line num="445" count="129" type="stmt"/>
      <line num="446" count="129" type="stmt"/>
      <line num="447" count="129" type="stmt"/>
      <line num="448" count="129" type="stmt"/>
      <line num="449" count="129" type="stmt"/>
      <line num="450" count="129" type="stmt"/>
      <line num="451" count="129" type="cond" truecount="2" falsecount="0"/>
      <line num="453" count="1" type="stmt"/>
      <line num="454" count="1" type="stmt"/>
      <line num="455" count="1" type="stmt"/>
      <line num="456" count="1" type="stmt"/>
      <line num="460" count="42" type="stmt"/>
      <line num="461" count="42" type="stmt"/>
      <line num="464" count="6" type="stmt"/>
    </file>
  </project>
</coverage>
