{"C:\\Users\\Emperor Haddad\\OneDrive - Canterbury Christ Church University\\Documents\\CCCU\\Final project\\DO NOT TOUCH MORTALS\\LMC_simulator_game\\src\\compiled\\simulatorUI.js": {"path":"C:\\Users\\Emperor Haddad\\OneDrive - Canterbury Christ Church University\\Documents\\CCCU\\Final project\\DO NOT TOUCH MORTALS\\LMC_simulator_game\\src\\compiled\\simulatorUI.js","statementMap":{"0":{"start":{"line":1,"column":16},"end":{"line":9,"column":1}},"1":{"start":{"line":2,"column":28},"end":{"line":2,"column":110}},"2":{"start":{"line":2,"column":91},"end":{"line":2,"column":106}},"3":{"start":{"line":3,"column":4},"end":{"line":8,"column":7}},"4":{"start":{"line":4,"column":36},"end":{"line":4,"column":97}},"5":{"start":{"line":4,"column":42},"end":{"line":4,"column":70}},"6":{"start":{"line":4,"column":85},"end":{"line":4,"column":95}},"7":{"start":{"line":5,"column":35},"end":{"line":5,"column":100}},"8":{"start":{"line":5,"column":41},"end":{"line":5,"column":73}},"9":{"start":{"line":5,"column":88},"end":{"line":5,"column":98}},"10":{"start":{"line":6,"column":32},"end":{"line":6,"column":116}},"11":{"start":{"line":7,"column":8},"end":{"line":7,"column":78}},"12":{"start":{"line":13,"column":0},"end":{"line":18,"column":34}},"13":{"start":{"line":14,"column":4},"end":{"line":14,"column":42}},"14":{"start":{"line":15,"column":4},"end":{"line":15,"column":46}},"15":{"start":{"line":16,"column":4},"end":{"line":16,"column":46}},"16":{"start":{"line":17,"column":4},"end":{"line":17,"column":48}},"17":{"start":{"line":21,"column":0},"end":{"line":36,"column":36}},"18":{"start":{"line":22,"column":4},"end":{"line":22,"column":78}},"19":{"start":{"line":23,"column":4},"end":{"line":23,"column":84}},"20":{"start":{"line":24,"column":4},"end":{"line":24,"column":70}},"21":{"start":{"line":25,"column":4},"end":{"line":25,"column":78}},"22":{"start":{"line":27,"column":4},"end":{"line":27,"column":46}},"23":{"start":{"line":29,"column":4},"end":{"line":29,"column":52}},"24":{"start":{"line":30,"column":4},"end":{"line":30,"column":64}},"25":{"start":{"line":31,"column":4},"end":{"line":31,"column":48}},"26":{"start":{"line":33,"column":4},"end":{"line":33,"column":52}},"27":{"start":{"line":35,"column":4},"end":{"line":35,"column":46}},"28":{"start":{"line":41,"column":8},"end":{"line":41,"column":58}},"29":{"start":{"line":44,"column":8},"end":{"line":44,"column":29}},"30":{"start":{"line":47,"column":8},"end":{"line":69,"column":9}},"31":{"start":{"line":47,"column":23},"end":{"line":47,"column":24}},"32":{"start":{"line":49,"column":28},"end":{"line":49,"column":54}},"33":{"start":{"line":51,"column":27},"end":{"line":51,"column":53}},"34":{"start":{"line":53,"column":12},"end":{"line":68,"column":13}},"35":{"start":{"line":53,"column":28},"end":{"line":53,"column":29}},"36":{"start":{"line":56,"column":16},"end":{"line":56,"column":66}},"37":{"start":{"line":62,"column":31},"end":{"line":62,"column":63}},"38":{"start":{"line":64,"column":36},"end":{"line":64,"column":165}},"39":{"start":{"line":66,"column":16},"end":{"line":66,"column":61}},"40":{"start":{"line":74,"column":21},"end":{"line":74,"column":66}},"41":{"start":{"line":76,"column":8},"end":{"line":78,"column":9}},"42":{"start":{"line":77,"column":12},"end":{"line":77,"column":42}},"43":{"start":{"line":82,"column":8},"end":{"line":91,"column":9}},"44":{"start":{"line":82,"column":25},"end":{"line":82,"column":26}},"45":{"start":{"line":85,"column":26},"end":{"line":85,"column":39}},"46":{"start":{"line":86,"column":12},"end":{"line":88,"column":13}},"47":{"start":{"line":87,"column":16},"end":{"line":87,"column":28}},"48":{"start":{"line":90,"column":12},"end":{"line":90,"column":45}},"49":{"start":{"line":96,"column":8},"end":{"line":96,"column":58}},"50":{"start":{"line":102,"column":27},"end":{"line":102,"column":62}},"51":{"start":{"line":106,"column":26},"end":{"line":106,"column":56}},"52":{"start":{"line":108,"column":24},"end":{"line":108,"column":54}},"53":{"start":{"line":110,"column":8},"end":{"line":112,"column":9}},"54":{"start":{"line":111,"column":12},"end":{"line":111,"column":19}},"55":{"start":{"line":115,"column":23},"end":{"line":115,"column":49}},"56":{"start":{"line":117,"column":25},"end":{"line":117,"column":34}},"57":{"start":{"line":119,"column":8},"end":{"line":124,"column":10}},"58":{"start":{"line":126,"column":8},"end":{"line":126,"column":39}},"59":{"start":{"line":131,"column":8},"end":{"line":155,"column":9}},"60":{"start":{"line":133,"column":16},"end":{"line":133,"column":56}},"61":{"start":{"line":134,"column":16},"end":{"line":134,"column":22}},"62":{"start":{"line":136,"column":16},"end":{"line":136,"column":56}},"63":{"start":{"line":137,"column":16},"end":{"line":137,"column":22}},"64":{"start":{"line":139,"column":16},"end":{"line":139,"column":55}},"65":{"start":{"line":140,"column":16},"end":{"line":140,"column":22}},"66":{"start":{"line":142,"column":16},"end":{"line":142,"column":56}},"67":{"start":{"line":143,"column":16},"end":{"line":143,"column":22}},"68":{"start":{"line":145,"column":16},"end":{"line":145,"column":55}},"69":{"start":{"line":146,"column":16},"end":{"line":146,"column":22}},"70":{"start":{"line":148,"column":16},"end":{"line":148,"column":53}},"71":{"start":{"line":149,"column":16},"end":{"line":149,"column":22}},"72":{"start":{"line":151,"column":16},"end":{"line":151,"column":55}},"73":{"start":{"line":152,"column":16},"end":{"line":152,"column":22}},"74":{"start":{"line":158,"column":8},"end":{"line":158,"column":31}},"75":{"start":{"line":161,"column":21},"end":{"line":161,"column":47}},"76":{"start":{"line":162,"column":23},"end":{"line":162,"column":30}},"77":{"start":{"line":164,"column":33},"end":{"line":164,"column":50}},"78":{"start":{"line":165,"column":8},"end":{"line":167,"column":9}},"79":{"start":{"line":166,"column":12},"end":{"line":166,"column":19}},"80":{"start":{"line":168,"column":20},"end":{"line":168,"column":36}},"81":{"start":{"line":169,"column":23},"end":{"line":169,"column":39}},"82":{"start":{"line":170,"column":8},"end":{"line":183,"column":9}},"83":{"start":{"line":173,"column":16},"end":{"line":173,"column":59}},"84":{"start":{"line":174,"column":16},"end":{"line":174,"column":22}},"85":{"start":{"line":176,"column":16},"end":{"line":176,"column":60}},"86":{"start":{"line":177,"column":16},"end":{"line":177,"column":22}},"87":{"start":{"line":179,"column":16},"end":{"line":179,"column":62}},"88":{"start":{"line":180,"column":16},"end":{"line":180,"column":22}},"89":{"start":{"line":182,"column":16},"end":{"line":182,"column":61}},"90":{"start":{"line":187,"column":26},"end":{"line":187,"column":56}},"91":{"start":{"line":189,"column":8},"end":{"line":202,"column":9}},"92":{"start":{"line":191,"column":12},"end":{"line":191,"column":20}},"93":{"start":{"line":192,"column":12},"end":{"line":194,"column":13}},"94":{"start":{"line":193,"column":16},"end":{"line":193,"column":34}},"95":{"start":{"line":198,"column":12},"end":{"line":198,"column":20}},"96":{"start":{"line":199,"column":12},"end":{"line":201,"column":13}},"97":{"start":{"line":200,"column":16},"end":{"line":200,"column":26}},"98":{"start":{"line":203,"column":24},"end":{"line":203,"column":77}},"99":{"start":{"line":204,"column":8},"end":{"line":204,"column":24}},"100":{"start":{"line":209,"column":29},"end":{"line":209,"column":30}},"101":{"start":{"line":210,"column":8},"end":{"line":223,"column":9}},"102":{"start":{"line":212,"column":12},"end":{"line":212,"column":23}},"103":{"start":{"line":213,"column":12},"end":{"line":215,"column":13}},"104":{"start":{"line":214,"column":16},"end":{"line":214,"column":29}},"105":{"start":{"line":219,"column":12},"end":{"line":219,"column":23}},"106":{"start":{"line":220,"column":12},"end":{"line":222,"column":13}},"107":{"start":{"line":221,"column":16},"end":{"line":221,"column":40}},"108":{"start":{"line":224,"column":24},"end":{"line":224,"column":77}},"109":{"start":{"line":225,"column":8},"end":{"line":225,"column":24}},"110":{"start":{"line":229,"column":21},"end":{"line":229,"column":23}},"111":{"start":{"line":230,"column":8},"end":{"line":254,"column":9}},"112":{"start":{"line":230,"column":26},"end":{"line":230,"column":27}},"113":{"start":{"line":232,"column":25},"end":{"line":242,"column":13}},"114":{"start":{"line":243,"column":12},"end":{"line":245,"column":13}},"115":{"start":{"line":244,"column":16},"end":{"line":244,"column":25}},"116":{"start":{"line":247,"column":12},"end":{"line":249,"column":13}},"117":{"start":{"line":248,"column":16},"end":{"line":248,"column":25}},"118":{"start":{"line":252,"column":12},"end":{"line":252,"column":30}},"119":{"start":{"line":262,"column":8},"end":{"line":262,"column":28}},"120":{"start":{"line":263,"column":8},"end":{"line":263,"column":40}},"121":{"start":{"line":270,"column":8},"end":{"line":285,"column":9}},"122":{"start":{"line":270,"column":27},"end":{"line":270,"column":28}},"123":{"start":{"line":271,"column":25},"end":{"line":271,"column":40}},"124":{"start":{"line":273,"column":12},"end":{"line":284,"column":13}},"125":{"start":{"line":273,"column":33},"end":{"line":273,"column":34}},"126":{"start":{"line":274,"column":28},"end":{"line":274,"column":43}},"127":{"start":{"line":275,"column":16},"end":{"line":277,"column":17}},"128":{"start":{"line":276,"column":20},"end":{"line":276,"column":31}},"129":{"start":{"line":279,"column":16},"end":{"line":279,"column":60}},"130":{"start":{"line":282,"column":16},"end":{"line":282,"column":84}},"131":{"start":{"line":282,"column":64},"end":{"line":282,"column":82}},"132":{"start":{"line":286,"column":8},"end":{"line":286,"column":22}},"133":{"start":{"line":293,"column":8},"end":{"line":309,"column":10}},"134":{"start":{"line":294,"column":12},"end":{"line":294,"column":40}},"135":{"start":{"line":295,"column":12},"end":{"line":308,"column":15}},"136":{"start":{"line":296,"column":36},"end":{"line":306,"column":17}},"137":{"start":{"line":297,"column":36},"end":{"line":297,"column":79}},"138":{"start":{"line":298,"column":20},"end":{"line":305,"column":21}},"139":{"start":{"line":299,"column":24},"end":{"line":299,"column":51}},"140":{"start":{"line":300,"column":24},"end":{"line":300,"column":83}},"141":{"start":{"line":301,"column":24},"end":{"line":301,"column":57}},"142":{"start":{"line":304,"column":24},"end":{"line":304,"column":91}},"143":{"start":{"line":307,"column":16},"end":{"line":307,"column":72}},"144":{"start":{"line":310,"column":8},"end":{"line":310,"column":52}},"145":{"start":{"line":311,"column":8},"end":{"line":311,"column":72}},"146":{"start":{"line":312,"column":8},"end":{"line":312,"column":68}},"147":{"start":{"line":313,"column":8},"end":{"line":313,"column":64}},"148":{"start":{"line":314,"column":8},"end":{"line":314,"column":32}},"149":{"start":{"line":317,"column":8},"end":{"line":319,"column":9}},"150":{"start":{"line":318,"column":12},"end":{"line":318,"column":64}},"151":{"start":{"line":320,"column":8},"end":{"line":320,"column":52}},"152":{"start":{"line":321,"column":8},"end":{"line":321,"column":33}},"153":{"start":{"line":324,"column":8},"end":{"line":324,"column":40}},"154":{"start":{"line":325,"column":8},"end":{"line":325,"column":46}},"155":{"start":{"line":326,"column":8},"end":{"line":326,"column":35}},"156":{"start":{"line":330,"column":8},"end":{"line":330,"column":45}},"157":{"start":{"line":331,"column":29},"end":{"line":331,"column":31}},"158":{"start":{"line":332,"column":23},"end":{"line":332,"column":69}},"159":{"start":{"line":334,"column":8},"end":{"line":336,"column":9}},"160":{"start":{"line":335,"column":12},"end":{"line":335,"column":22}},"161":{"start":{"line":338,"column":28},"end":{"line":338,"column":45}},"162":{"start":{"line":339,"column":8},"end":{"line":347,"column":9}},"163":{"start":{"line":340,"column":12},"end":{"line":342,"column":13}},"164":{"start":{"line":341,"column":16},"end":{"line":341,"column":31}},"165":{"start":{"line":346,"column":12},"end":{"line":346,"column":53}},"166":{"start":{"line":348,"column":8},"end":{"line":348,"column":30}},"167":{"start":{"line":353,"column":8},"end":{"line":353,"column":50}},"168":{"start":{"line":354,"column":8},"end":{"line":354,"column":60}},"169":{"start":{"line":355,"column":8},"end":{"line":355,"column":54}},"170":{"start":{"line":358,"column":8},"end":{"line":369,"column":9}},"171":{"start":{"line":360,"column":16},"end":{"line":360,"column":38}},"172":{"start":{"line":361,"column":16},"end":{"line":361,"column":22}},"173":{"start":{"line":364,"column":16},"end":{"line":364,"column":38}},"174":{"start":{"line":365,"column":16},"end":{"line":365,"column":22}},"175":{"start":{"line":367,"column":16},"end":{"line":367,"column":38}},"176":{"start":{"line":368,"column":16},"end":{"line":368,"column":22}},"177":{"start":{"line":370,"column":8},"end":{"line":370,"column":41}},"178":{"start":{"line":372,"column":8},"end":{"line":372,"column":35}},"179":{"start":{"line":377,"column":8},"end":{"line":377,"column":70}},"180":{"start":{"line":378,"column":8},"end":{"line":378,"column":92}},"181":{"start":{"line":379,"column":8},"end":{"line":379,"column":84}},"182":{"start":{"line":380,"column":8},"end":{"line":380,"column":64}},"183":{"start":{"line":387,"column":8},"end":{"line":400,"column":9}},"184":{"start":{"line":389,"column":16},"end":{"line":389,"column":64}},"185":{"start":{"line":390,"column":16},"end":{"line":390,"column":22}},"186":{"start":{"line":392,"column":16},"end":{"line":392,"column":75}},"187":{"start":{"line":393,"column":16},"end":{"line":393,"column":22}},"188":{"start":{"line":395,"column":16},"end":{"line":395,"column":71}},"189":{"start":{"line":396,"column":16},"end":{"line":396,"column":22}},"190":{"start":{"line":398,"column":16},"end":{"line":398,"column":61}},"191":{"start":{"line":399,"column":16},"end":{"line":399,"column":22}},"192":{"start":{"line":403,"column":8},"end":{"line":403,"column":40}},"193":{"start":{"line":404,"column":8},"end":{"line":404,"column":51}},"194":{"start":{"line":405,"column":8},"end":{"line":405,"column":47}},"195":{"start":{"line":406,"column":8},"end":{"line":406,"column":37}},"196":{"start":{"line":411,"column":8},"end":{"line":411,"column":54}},"197":{"start":{"line":412,"column":8},"end":{"line":412,"column":48}},"198":{"start":{"line":413,"column":8},"end":{"line":413,"column":62}},"199":{"start":{"line":414,"column":8},"end":{"line":414,"column":38}},"200":{"start":{"line":417,"column":8},"end":{"line":417,"column":42}},"201":{"start":{"line":418,"column":8},"end":{"line":418,"column":60}},"202":{"start":{"line":419,"column":8},"end":{"line":419,"column":58}},"203":{"start":{"line":421,"column":22},"end":{"line":421,"column":83}},"204":{"start":{"line":422,"column":27},"end":{"line":422,"column":58}},"205":{"start":{"line":425,"column":28},"end":{"line":425,"column":67}},"206":{"start":{"line":427,"column":8},"end":{"line":432,"column":9}},"207":{"start":{"line":428,"column":12},"end":{"line":428,"column":60}},"208":{"start":{"line":431,"column":12},"end":{"line":431,"column":61}},"209":{"start":{"line":436,"column":8},"end":{"line":441,"column":9}},"210":{"start":{"line":438,"column":12},"end":{"line":438,"column":62}},"211":{"start":{"line":440,"column":12},"end":{"line":440,"column":19}},"212":{"start":{"line":442,"column":8},"end":{"line":442,"column":96}},"213":{"start":{"line":448,"column":8},"end":{"line":448,"column":41}},"214":{"start":{"line":449,"column":8},"end":{"line":451,"column":9}},"215":{"start":{"line":450,"column":12},"end":{"line":450,"column":100}},"216":{"start":{"line":454,"column":8},"end":{"line":454,"column":39}},"217":{"start":{"line":457,"column":8},"end":{"line":457,"column":40}},"218":{"start":{"line":465,"column":8},"end":{"line":465,"column":52}},"219":{"start":{"line":466,"column":8},"end":{"line":466,"column":52}},"220":{"start":{"line":467,"column":8},"end":{"line":467,"column":133}},"221":{"start":{"line":468,"column":8},"end":{"line":468,"column":83}},"222":{"start":{"line":469,"column":8},"end":{"line":469,"column":93}},"223":{"start":{"line":470,"column":8},"end":{"line":470,"column":62}},"224":{"start":{"line":471,"column":8},"end":{"line":477,"column":11}},"225":{"start":{"line":474,"column":12},"end":{"line":474,"column":121}},"226":{"start":{"line":474,"column":82},"end":{"line":474,"column":119}},"227":{"start":{"line":475,"column":12},"end":{"line":475,"column":116}},"228":{"start":{"line":475,"column":78},"end":{"line":475,"column":114}},"229":{"start":{"line":476,"column":12},"end":{"line":476,"column":111}},"230":{"start":{"line":476,"column":85},"end":{"line":476,"column":109}},"231":{"start":{"line":479,"column":8},"end":{"line":479,"column":63}},"232":{"start":{"line":480,"column":8},"end":{"line":480,"column":63}},"233":{"start":{"line":481,"column":8},"end":{"line":481,"column":46}},"234":{"start":{"line":484,"column":30},"end":{"line":484,"column":66}},"235":{"start":{"line":485,"column":28},"end":{"line":485,"column":65}},"236":{"start":{"line":487,"column":18},"end":{"line":487,"column":51}},"237":{"start":{"line":489,"column":8},"end":{"line":489,"column":33}},"238":{"start":{"line":493,"column":8},"end":{"line":495,"column":11}},"239":{"start":{"line":494,"column":12},"end":{"line":494,"column":46}},"240":{"start":{"line":498,"column":22},"end":{"line":498,"column":60}},"241":{"start":{"line":499,"column":26},"end":{"line":499,"column":67}},"242":{"start":{"line":500,"column":23},"end":{"line":500,"column":54}},"243":{"start":{"line":503,"column":8},"end":{"line":538,"column":9}},"244":{"start":{"line":505,"column":16},"end":{"line":505,"column":93}},"245":{"start":{"line":506,"column":16},"end":{"line":506,"column":22}},"246":{"start":{"line":509,"column":16},"end":{"line":509,"column":93}},"247":{"start":{"line":510,"column":16},"end":{"line":510,"column":22}},"248":{"start":{"line":512,"column":16},"end":{"line":512,"column":93}},"249":{"start":{"line":513,"column":16},"end":{"line":513,"column":22}},"250":{"start":{"line":515,"column":16},"end":{"line":515,"column":89}},"251":{"start":{"line":516,"column":16},"end":{"line":516,"column":22}},"252":{"start":{"line":518,"column":16},"end":{"line":518,"column":78}},"253":{"start":{"line":519,"column":16},"end":{"line":519,"column":22}},"254":{"start":{"line":523,"column":16},"end":{"line":523,"column":66}},"255":{"start":{"line":524,"column":16},"end":{"line":524,"column":22}},"256":{"start":{"line":527,"column":16},"end":{"line":527,"column":90}},"257":{"start":{"line":528,"column":16},"end":{"line":528,"column":22}},"258":{"start":{"line":530,"column":16},"end":{"line":530,"column":43}},"259":{"start":{"line":531,"column":16},"end":{"line":531,"column":22}},"260":{"start":{"line":533,"column":16},"end":{"line":533,"column":34}},"261":{"start":{"line":534,"column":16},"end":{"line":534,"column":22}},"262":{"start":{"line":535,"column":21},"end":{"line":535,"column":65}},"263":{"start":{"line":541,"column":8},"end":{"line":541,"column":46}},"264":{"start":{"line":544,"column":8},"end":{"line":544,"column":41}},"265":{"start":{"line":545,"column":8},"end":{"line":545,"column":48}}},"fnMap":{"0":{"name":"(anonymous_0)","decl":{"start":{"line":1,"column":44},"end":{"line":1,"column":45}},"loc":{"start":{"line":1,"column":89},"end":{"line":9,"column":1}},"line":1},"1":{"name":"adopt","decl":{"start":{"line":2,"column":13},"end":{"line":2,"column":18}},"loc":{"start":{"line":2,"column":26},"end":{"line":2,"column":112}},"line":2},"2":{"name":"(anonymous_2)","decl":{"start":{"line":2,"column":70},"end":{"line":2,"column":71}},"loc":{"start":{"line":2,"column":89},"end":{"line":2,"column":108}},"line":2},"3":{"name":"(anonymous_3)","decl":{"start":{"line":3,"column":36},"end":{"line":3,"column":37}},"loc":{"start":{"line":3,"column":63},"end":{"line":8,"column":5}},"line":3},"4":{"name":"fulfilled","decl":{"start":{"line":4,"column":17},"end":{"line":4,"column":26}},"loc":{"start":{"line":4,"column":34},"end":{"line":4,"column":99}},"line":4},"5":{"name":"rejected","decl":{"start":{"line":5,"column":17},"end":{"line":5,"column":25}},"loc":{"start":{"line":5,"column":33},"end":{"line":5,"column":102}},"line":5},"6":{"name":"step","decl":{"start":{"line":6,"column":17},"end":{"line":6,"column":21}},"loc":{"start":{"line":6,"column":30},"end":{"line":6,"column":118}},"line":6},"7":{"name":"(anonymous_7)","decl":{"start":{"line":13,"column":1},"end":{"line":13,"column":2}},"loc":{"start":{"line":13,"column":22},"end":{"line":18,"column":1}},"line":13},"8":{"name":"(anonymous_8)","decl":{"start":{"line":21,"column":1},"end":{"line":21,"column":2}},"loc":{"start":{"line":21,"column":23},"end":{"line":36,"column":1}},"line":21},"9":{"name":"(anonymous_9)","decl":{"start":{"line":40,"column":4},"end":{"line":40,"column":5}},"loc":{"start":{"line":40,"column":25},"end":{"line":45,"column":5}},"line":40},"10":{"name":"(anonymous_10)","decl":{"start":{"line":46,"column":4},"end":{"line":46,"column":5}},"loc":{"start":{"line":46,"column":20},"end":{"line":70,"column":5}},"line":46},"11":{"name":"(anonymous_11)","decl":{"start":{"line":71,"column":4},"end":{"line":71,"column":5}},"loc":{"start":{"line":71,"column":30},"end":{"line":80,"column":5}},"line":71},"12":{"name":"(anonymous_12)","decl":{"start":{"line":81,"column":4},"end":{"line":81,"column":5}},"loc":{"start":{"line":81,"column":28},"end":{"line":92,"column":5}},"line":81},"13":{"name":"(anonymous_13)","decl":{"start":{"line":95,"column":4},"end":{"line":95,"column":5}},"loc":{"start":{"line":95,"column":25},"end":{"line":99,"column":5}},"line":95},"14":{"name":"(anonymous_14)","decl":{"start":{"line":100,"column":4},"end":{"line":100,"column":5}},"loc":{"start":{"line":100,"column":26},"end":{"line":128,"column":5}},"line":100},"15":{"name":"(anonymous_15)","decl":{"start":{"line":129,"column":4},"end":{"line":129,"column":5}},"loc":{"start":{"line":129,"column":27},"end":{"line":156,"column":5}},"line":129},"16":{"name":"(anonymous_16)","decl":{"start":{"line":157,"column":4},"end":{"line":157,"column":5}},"loc":{"start":{"line":157,"column":33},"end":{"line":184,"column":5}},"line":157},"17":{"name":"(anonymous_17)","decl":{"start":{"line":185,"column":4},"end":{"line":185,"column":5}},"loc":{"start":{"line":185,"column":51},"end":{"line":205,"column":5}},"line":185},"18":{"name":"(anonymous_18)","decl":{"start":{"line":206,"column":4},"end":{"line":206,"column":5}},"loc":{"start":{"line":206,"column":51},"end":{"line":226,"column":5}},"line":206},"19":{"name":"(anonymous_19)","decl":{"start":{"line":227,"column":4},"end":{"line":227,"column":5}},"loc":{"start":{"line":227,"column":16},"end":{"line":266,"column":5}},"line":227},"20":{"name":"(anonymous_20)","decl":{"start":{"line":267,"column":4},"end":{"line":267,"column":5}},"loc":{"start":{"line":267,"column":24},"end":{"line":288,"column":5}},"line":267},"21":{"name":"(anonymous_21)","decl":{"start":{"line":282,"column":54},"end":{"line":282,"column":55}},"loc":{"start":{"line":282,"column":64},"end":{"line":282,"column":82}},"line":282},"22":{"name":"(anonymous_22)","decl":{"start":{"line":292,"column":4},"end":{"line":292,"column":5}},"loc":{"start":{"line":292,"column":68},"end":{"line":315,"column":5}},"line":292},"23":{"name":"(anonymous_23)","decl":{"start":{"line":293,"column":24},"end":{"line":293,"column":25}},"loc":{"start":{"line":293,"column":30},"end":{"line":309,"column":9}},"line":293},"24":{"name":"(anonymous_24)","decl":{"start":{"line":295,"column":31},"end":{"line":295,"column":32}},"loc":{"start":{"line":295,"column":44},"end":{"line":308,"column":13}},"line":295},"25":{"name":"(anonymous_25)","decl":{"start":{"line":296,"column":36},"end":{"line":296,"column":37}},"loc":{"start":{"line":296,"column":42},"end":{"line":306,"column":17}},"line":296},"26":{"name":"(anonymous_26)","decl":{"start":{"line":316,"column":4},"end":{"line":316,"column":5}},"loc":{"start":{"line":316,"column":27},"end":{"line":322,"column":5}},"line":316},"27":{"name":"(anonymous_27)","decl":{"start":{"line":323,"column":4},"end":{"line":323,"column":5}},"loc":{"start":{"line":323,"column":12},"end":{"line":327,"column":5}},"line":323},"28":{"name":"(anonymous_28)","decl":{"start":{"line":328,"column":4},"end":{"line":328,"column":5}},"loc":{"start":{"line":328,"column":12},"end":{"line":349,"column":5}},"line":328},"29":{"name":"(anonymous_29)","decl":{"start":{"line":352,"column":4},"end":{"line":352,"column":5}},"loc":{"start":{"line":352,"column":41},"end":{"line":356,"column":5}},"line":352},"30":{"name":"(anonymous_30)","decl":{"start":{"line":357,"column":4},"end":{"line":357,"column":5}},"loc":{"start":{"line":357,"column":36},"end":{"line":373,"column":5}},"line":357},"31":{"name":"(anonymous_31)","decl":{"start":{"line":376,"column":4},"end":{"line":376,"column":5}},"loc":{"start":{"line":376,"column":95},"end":{"line":381,"column":5}},"line":376},"32":{"name":"(anonymous_32)","decl":{"start":{"line":382,"column":4},"end":{"line":382,"column":5}},"loc":{"start":{"line":382,"column":39},"end":{"line":401,"column":5}},"line":382},"33":{"name":"(anonymous_33)","decl":{"start":{"line":402,"column":4},"end":{"line":402,"column":5}},"loc":{"start":{"line":402,"column":21},"end":{"line":407,"column":5}},"line":402},"34":{"name":"(anonymous_34)","decl":{"start":{"line":410,"column":4},"end":{"line":410,"column":5}},"loc":{"start":{"line":410,"column":58},"end":{"line":420,"column":5}},"line":410},"35":{"name":"(anonymous_35)","decl":{"start":{"line":421,"column":4},"end":{"line":421,"column":5}},"loc":{"start":{"line":421,"column":20},"end":{"line":421,"column":85}},"line":421},"36":{"name":"(anonymous_36)","decl":{"start":{"line":422,"column":4},"end":{"line":422,"column":5}},"loc":{"start":{"line":422,"column":25},"end":{"line":422,"column":60}},"line":422},"37":{"name":"(anonymous_37)","decl":{"start":{"line":423,"column":4},"end":{"line":423,"column":5}},"loc":{"start":{"line":423,"column":21},"end":{"line":433,"column":5}},"line":423},"38":{"name":"(anonymous_38)","decl":{"start":{"line":434,"column":4},"end":{"line":434,"column":5}},"loc":{"start":{"line":434,"column":24},"end":{"line":445,"column":5}},"line":434},"39":{"name":"(anonymous_39)","decl":{"start":{"line":446,"column":4},"end":{"line":446,"column":5}},"loc":{"start":{"line":446,"column":37},"end":{"line":452,"column":5}},"line":446},"40":{"name":"(anonymous_40)","decl":{"start":{"line":453,"column":4},"end":{"line":453,"column":5}},"loc":{"start":{"line":453,"column":23},"end":{"line":455,"column":5}},"line":453},"41":{"name":"(anonymous_41)","decl":{"start":{"line":456,"column":4},"end":{"line":456,"column":5}},"loc":{"start":{"line":456,"column":21},"end":{"line":458,"column":5}},"line":456},"42":{"name":"(anonymous_42)","decl":{"start":{"line":463,"column":4},"end":{"line":463,"column":5}},"loc":{"start":{"line":463,"column":27},"end":{"line":482,"column":5}},"line":463},"43":{"name":"(anonymous_43)","decl":{"start":{"line":471,"column":54},"end":{"line":471,"column":55}},"loc":{"start":{"line":471,"column":60},"end":{"line":477,"column":9}},"line":471},"44":{"name":"(anonymous_44)","decl":{"start":{"line":474,"column":76},"end":{"line":474,"column":77}},"loc":{"start":{"line":474,"column":82},"end":{"line":474,"column":119}},"line":474},"45":{"name":"(anonymous_45)","decl":{"start":{"line":475,"column":72},"end":{"line":475,"column":73}},"loc":{"start":{"line":475,"column":78},"end":{"line":475,"column":114}},"line":475},"46":{"name":"(anonymous_46)","decl":{"start":{"line":476,"column":79},"end":{"line":476,"column":80}},"loc":{"start":{"line":476,"column":85},"end":{"line":476,"column":109}},"line":476},"47":{"name":"(anonymous_47)","decl":{"start":{"line":484,"column":4},"end":{"line":484,"column":5}},"loc":{"start":{"line":484,"column":28},"end":{"line":484,"column":68}},"line":484},"48":{"name":"(anonymous_48)","decl":{"start":{"line":485,"column":4},"end":{"line":485,"column":5}},"loc":{"start":{"line":485,"column":26},"end":{"line":485,"column":67}},"line":485},"49":{"name":"(anonymous_49)","decl":{"start":{"line":487,"column":4},"end":{"line":487,"column":5}},"loc":{"start":{"line":487,"column":16},"end":{"line":487,"column":53}},"line":487},"50":{"name":"(anonymous_50)","decl":{"start":{"line":488,"column":4},"end":{"line":488,"column":5}},"loc":{"start":{"line":488,"column":26},"end":{"line":491,"column":5}},"line":488},"51":{"name":"(anonymous_51)","decl":{"start":{"line":492,"column":4},"end":{"line":492,"column":5}},"loc":{"start":{"line":492,"column":15},"end":{"line":496,"column":5}},"line":492},"52":{"name":"(anonymous_52)","decl":{"start":{"line":493,"column":47},"end":{"line":493,"column":48}},"loc":{"start":{"line":493,"column":60},"end":{"line":495,"column":9}},"line":493},"53":{"name":"(anonymous_53)","decl":{"start":{"line":498,"column":4},"end":{"line":498,"column":5}},"loc":{"start":{"line":498,"column":20},"end":{"line":498,"column":62}},"line":498},"54":{"name":"(anonymous_54)","decl":{"start":{"line":499,"column":4},"end":{"line":499,"column":5}},"loc":{"start":{"line":499,"column":24},"end":{"line":499,"column":69}},"line":499},"55":{"name":"(anonymous_55)","decl":{"start":{"line":500,"column":4},"end":{"line":500,"column":5}},"loc":{"start":{"line":500,"column":21},"end":{"line":500,"column":56}},"line":500},"56":{"name":"(anonymous_56)","decl":{"start":{"line":501,"column":4},"end":{"line":501,"column":5}},"loc":{"start":{"line":501,"column":28},"end":{"line":539,"column":5}},"line":501},"57":{"name":"(anonymous_57)","decl":{"start":{"line":540,"column":4},"end":{"line":540,"column":5}},"loc":{"start":{"line":540,"column":10},"end":{"line":542,"column":5}},"line":540},"58":{"name":"(anonymous_58)","decl":{"start":{"line":543,"column":4},"end":{"line":543,"column":5}},"loc":{"start":{"line":543,"column":12},"end":{"line":546,"column":5}},"line":543}},"branchMap":{"0":{"loc":{"start":{"line":1,"column":16},"end":{"line":9,"column":1}},"type":"binary-expr","locations":[{"start":{"line":1,"column":17},"end":{"line":1,"column":21}},{"start":{"line":1,"column":25},"end":{"line":1,"column":39}},{"start":{"line":1,"column":44},"end":{"line":9,"column":1}}],"line":1},"1":{"loc":{"start":{"line":2,"column":35},"end":{"line":2,"column":109}},"type":"cond-expr","locations":[{"start":{"line":2,"column":56},"end":{"line":2,"column":61}},{"start":{"line":2,"column":64},"end":{"line":2,"column":109}}],"line":2},"2":{"loc":{"start":{"line":3,"column":16},"end":{"line":3,"column":34}},"type":"binary-expr","locations":[{"start":{"line":3,"column":16},"end":{"line":3,"column":17}},{"start":{"line":3,"column":22},"end":{"line":3,"column":33}}],"line":3},"3":{"loc":{"start":{"line":6,"column":32},"end":{"line":6,"column":115}},"type":"cond-expr","locations":[{"start":{"line":6,"column":46},"end":{"line":6,"column":67}},{"start":{"line":6,"column":70},"end":{"line":6,"column":115}}],"line":6},"4":{"loc":{"start":{"line":7,"column":51},"end":{"line":7,"column":67}},"type":"binary-expr","locations":[{"start":{"line":7,"column":51},"end":{"line":7,"column":61}},{"start":{"line":7,"column":65},"end":{"line":7,"column":67}}],"line":7},"5":{"loc":{"start":{"line":18,"column":3},"end":{"line":18,"column":32}},"type":"binary-expr","locations":[{"start":{"line":18,"column":3},"end":{"line":18,"column":12}},{"start":{"line":18,"column":17},"end":{"line":18,"column":31}}],"line":18},"6":{"loc":{"start":{"line":36,"column":3},"end":{"line":36,"column":34}},"type":"binary-expr","locations":[{"start":{"line":36,"column":3},"end":{"line":36,"column":13}},{"start":{"line":36,"column":18},"end":{"line":36,"column":33}}],"line":36},"7":{"loc":{"start":{"line":76,"column":8},"end":{"line":78,"column":9}},"type":"if","locations":[{"start":{"line":76,"column":8},"end":{"line":78,"column":9}},{"start":{},"end":{}}],"line":76},"8":{"loc":{"start":{"line":86,"column":12},"end":{"line":88,"column":13}},"type":"if","locations":[{"start":{"line":86,"column":12},"end":{"line":88,"column":13}},{"start":{},"end":{}}],"line":86},"9":{"loc":{"start":{"line":110,"column":8},"end":{"line":112,"column":9}},"type":"if","locations":[{"start":{"line":110,"column":8},"end":{"line":112,"column":9}},{"start":{},"end":{}}],"line":110},"10":{"loc":{"start":{"line":131,"column":8},"end":{"line":155,"column":9}},"type":"switch","locations":[{"start":{"line":132,"column":12},"end":{"line":134,"column":22}},{"start":{"line":135,"column":12},"end":{"line":137,"column":22}},{"start":{"line":138,"column":12},"end":{"line":140,"column":22}},{"start":{"line":141,"column":12},"end":{"line":143,"column":22}},{"start":{"line":144,"column":12},"end":{"line":146,"column":22}},{"start":{"line":147,"column":12},"end":{"line":149,"column":22}},{"start":{"line":150,"column":12},"end":{"line":152,"column":22}}],"line":131},"11":{"loc":{"start":{"line":165,"column":8},"end":{"line":167,"column":9}},"type":"if","locations":[{"start":{"line":165,"column":8},"end":{"line":167,"column":9}},{"start":{},"end":{}}],"line":165},"12":{"loc":{"start":{"line":165,"column":12},"end":{"line":165,"column":30}},"type":"binary-expr","locations":[{"start":{"line":165,"column":12},"end":{"line":165,"column":19}},{"start":{"line":165,"column":23},"end":{"line":165,"column":30}}],"line":165},"13":{"loc":{"start":{"line":170,"column":8},"end":{"line":183,"column":9}},"type":"switch","locations":[{"start":{"line":172,"column":12},"end":{"line":174,"column":22}},{"start":{"line":175,"column":12},"end":{"line":177,"column":22}},{"start":{"line":178,"column":12},"end":{"line":180,"column":22}},{"start":{"line":181,"column":12},"end":{"line":182,"column":61}}],"line":170},"14":{"loc":{"start":{"line":189,"column":8},"end":{"line":202,"column":9}},"type":"if","locations":[{"start":{"line":189,"column":8},"end":{"line":202,"column":9}},{"start":{"line":196,"column":13},"end":{"line":202,"column":9}}],"line":189},"15":{"loc":{"start":{"line":192,"column":12},"end":{"line":194,"column":13}},"type":"if","locations":[{"start":{"line":192,"column":12},"end":{"line":194,"column":13}},{"start":{},"end":{}}],"line":192},"16":{"loc":{"start":{"line":199,"column":12},"end":{"line":201,"column":13}},"type":"if","locations":[{"start":{"line":199,"column":12},"end":{"line":201,"column":13}},{"start":{},"end":{}}],"line":199},"17":{"loc":{"start":{"line":210,"column":8},"end":{"line":223,"column":9}},"type":"if","locations":[{"start":{"line":210,"column":8},"end":{"line":223,"column":9}},{"start":{"line":217,"column":13},"end":{"line":223,"column":9}}],"line":210},"18":{"loc":{"start":{"line":213,"column":12},"end":{"line":215,"column":13}},"type":"if","locations":[{"start":{"line":213,"column":12},"end":{"line":215,"column":13}},{"start":{},"end":{}}],"line":213},"19":{"loc":{"start":{"line":220,"column":12},"end":{"line":222,"column":13}},"type":"if","locations":[{"start":{"line":220,"column":12},"end":{"line":222,"column":13}},{"start":{},"end":{}}],"line":220},"20":{"loc":{"start":{"line":243,"column":12},"end":{"line":245,"column":13}},"type":"if","locations":[{"start":{"line":243,"column":12},"end":{"line":245,"column":13}},{"start":{},"end":{}}],"line":243},"21":{"loc":{"start":{"line":243,"column":16},"end":{"line":243,"column":63}},"type":"binary-expr","locations":[{"start":{"line":243,"column":16},"end":{"line":243,"column":29}},{"start":{"line":243,"column":33},"end":{"line":243,"column":46}},{"start":{"line":243,"column":50},"end":{"line":243,"column":63}}],"line":243},"22":{"loc":{"start":{"line":247,"column":12},"end":{"line":249,"column":13}},"type":"if","locations":[{"start":{"line":247,"column":12},"end":{"line":249,"column":13}},{"start":{},"end":{}}],"line":247},"23":{"loc":{"start":{"line":247,"column":16},"end":{"line":247,"column":69}},"type":"binary-expr","locations":[{"start":{"line":247,"column":16},"end":{"line":247,"column":40}},{"start":{"line":247,"column":44},"end":{"line":247,"column":69}}],"line":247},"24":{"loc":{"start":{"line":275,"column":16},"end":{"line":277,"column":17}},"type":"if","locations":[{"start":{"line":275,"column":16},"end":{"line":277,"column":17}},{"start":{},"end":{}}],"line":275},"25":{"loc":{"start":{"line":298,"column":20},"end":{"line":305,"column":21}},"type":"if","locations":[{"start":{"line":298,"column":20},"end":{"line":305,"column":21}},{"start":{"line":303,"column":25},"end":{"line":305,"column":21}}],"line":298},"26":{"loc":{"start":{"line":317,"column":8},"end":{"line":319,"column":9}},"type":"if","locations":[{"start":{"line":317,"column":8},"end":{"line":319,"column":9}},{"start":{},"end":{}}],"line":317},"27":{"loc":{"start":{"line":334,"column":8},"end":{"line":336,"column":9}},"type":"if","locations":[{"start":{"line":334,"column":8},"end":{"line":336,"column":9}},{"start":{},"end":{}}],"line":334},"28":{"loc":{"start":{"line":340,"column":12},"end":{"line":342,"column":13}},"type":"if","locations":[{"start":{"line":340,"column":12},"end":{"line":342,"column":13}},{"start":{},"end":{}}],"line":340},"29":{"loc":{"start":{"line":358,"column":8},"end":{"line":369,"column":9}},"type":"switch","locations":[{"start":{"line":359,"column":12},"end":{"line":361,"column":22}},{"start":{"line":363,"column":12},"end":{"line":365,"column":22}},{"start":{"line":366,"column":12},"end":{"line":368,"column":22}}],"line":358},"30":{"loc":{"start":{"line":387,"column":8},"end":{"line":400,"column":9}},"type":"switch","locations":[{"start":{"line":388,"column":12},"end":{"line":390,"column":22}},{"start":{"line":391,"column":12},"end":{"line":393,"column":22}},{"start":{"line":394,"column":12},"end":{"line":396,"column":22}},{"start":{"line":397,"column":12},"end":{"line":399,"column":22}}],"line":387},"31":{"loc":{"start":{"line":427,"column":8},"end":{"line":432,"column":9}},"type":"if","locations":[{"start":{"line":427,"column":8},"end":{"line":432,"column":9}},{"start":{"line":430,"column":13},"end":{"line":432,"column":9}}],"line":427},"32":{"loc":{"start":{"line":436,"column":8},"end":{"line":441,"column":9}},"type":"if","locations":[{"start":{"line":436,"column":8},"end":{"line":441,"column":9}},{"start":{},"end":{}}],"line":436},"33":{"loc":{"start":{"line":449,"column":8},"end":{"line":451,"column":9}},"type":"if","locations":[{"start":{"line":449,"column":8},"end":{"line":451,"column":9}},{"start":{},"end":{}}],"line":449},"34":{"loc":{"start":{"line":503,"column":8},"end":{"line":538,"column":9}},"type":"switch","locations":[{"start":{"line":504,"column":12},"end":{"line":506,"column":22}},{"start":{"line":508,"column":12},"end":{"line":510,"column":22}},{"start":{"line":511,"column":12},"end":{"line":513,"column":22}},{"start":{"line":514,"column":12},"end":{"line":516,"column":22}},{"start":{"line":517,"column":12},"end":{"line":519,"column":22}},{"start":{"line":522,"column":12},"end":{"line":524,"column":22}},{"start":{"line":526,"column":12},"end":{"line":528,"column":22}},{"start":{"line":529,"column":12},"end":{"line":531,"column":22}},{"start":{"line":532,"column":12},"end":{"line":534,"column":22}},{"start":{"line":535,"column":12},"end":{"line":535,"column":65}}],"line":503}},"s":{"0":1,"1":0,"2":0,"3":0,"4":0,"5":0,"6":0,"7":0,"8":0,"9":0,"10":0,"11":0,"12":1,"13":1,"14":1,"15":1,"16":1,"17":1,"18":1,"19":1,"20":1,"21":1,"22":1,"23":1,"24":1,"25":1,"26":1,"27":1,"28":0,"29":0,"30":0,"31":0,"32":0,"33":0,"34":0,"35":0,"36":0,"37":0,"38":0,"39":0,"40":0,"41":0,"42":0,"43":0,"44":0,"45":0,"46":0,"47":0,"48":0,"49":0,"50":0,"51":0,"52":0,"53":0,"54":0,"55":0,"56":0,"57":0,"58":0,"59":0,"60":0,"61":0,"62":0,"63":0,"64":0,"65":0,"66":0,"67":0,"68":0,"69":0,"70":0,"71":0,"72":0,"73":0,"74":0,"75":0,"76":0,"77":0,"78":0,"79":0,"80":0,"81":0,"82":0,"83":0,"84":0,"85":0,"86":0,"87":0,"88":0,"89":0,"90":0,"91":0,"92":0,"93":0,"94":0,"95":0,"96":0,"97":0,"98":0,"99":0,"100":0,"101":0,"102":0,"103":0,"104":0,"105":0,"106":0,"107":0,"108":0,"109":0,"110":0,"111":0,"112":0,"113":0,"114":0,"115":0,"116":0,"117":0,"118":0,"119":0,"120":0,"121":0,"122":0,"123":0,"124":0,"125":0,"126":0,"127":0,"128":0,"129":0,"130":0,"131":0,"132":0,"133":0,"134":0,"135":0,"136":0,"137":0,"138":0,"139":0,"140":0,"141":0,"142":0,"143":0,"144":0,"145":0,"146":0,"147":0,"148":0,"149":0,"150":0,"151":0,"152":0,"153":0,"154":0,"155":0,"156":0,"157":0,"158":0,"159":0,"160":0,"161":0,"162":0,"163":0,"164":0,"165":0,"166":0,"167":0,"168":0,"169":0,"170":0,"171":0,"172":0,"173":0,"174":0,"175":0,"176":0,"177":0,"178":0,"179":0,"180":0,"181":0,"182":0,"183":0,"184":0,"185":0,"186":0,"187":0,"188":0,"189":0,"190":0,"191":0,"192":0,"193":0,"194":0,"195":0,"196":0,"197":0,"198":0,"199":0,"200":0,"201":0,"202":0,"203":0,"204":0,"205":0,"206":0,"207":0,"208":0,"209":0,"210":0,"211":0,"212":0,"213":0,"214":0,"215":0,"216":0,"217":0,"218":0,"219":0,"220":0,"221":0,"222":0,"223":0,"224":0,"225":0,"226":0,"227":0,"228":0,"229":0,"230":0,"231":0,"232":0,"233":0,"234":0,"235":0,"236":0,"237":0,"238":0,"239":0,"240":0,"241":0,"242":0,"243":0,"244":0,"245":0,"246":0,"247":0,"248":0,"249":0,"250":0,"251":0,"252":0,"253":0,"254":0,"255":0,"256":0,"257":0,"258":0,"259":0,"260":0,"261":0,"262":0,"263":0,"264":0,"265":0},"f":{"0":0,"1":0,"2":0,"3":0,"4":0,"5":0,"6":0,"7":1,"8":1,"9":0,"10":0,"11":0,"12":0,"13":0,"14":0,"15":0,"16":0,"17":0,"18":0,"19":0,"20":0,"21":0,"22":0,"23":0,"24":0,"25":0,"26":0,"27":0,"28":0,"29":0,"30":0,"31":0,"32":0,"33":0,"34":0,"35":0,"36":0,"37":0,"38":0,"39":0,"40":0,"41":0,"42":0,"43":0,"44":0,"45":0,"46":0,"47":0,"48":0,"49":0,"50":0,"51":0,"52":0,"53":0,"54":0,"55":0,"56":0,"57":0,"58":0},"b":{"0":[1,0,1],"1":[0,0],"2":[0,0],"3":[0,0],"4":[0,0],"5":[1,1],"6":[1,1],"7":[0,0],"8":[0,0],"9":[0,0],"10":[0,0,0,0,0,0,0],"11":[0,0],"12":[0,0],"13":[0,0,0,0],"14":[0,0],"15":[0,0],"16":[0,0],"17":[0,0],"18":[0,0],"19":[0,0],"20":[0,0],"21":[0,0,0],"22":[0,0],"23":[0,0],"24":[0,0],"25":[0,0],"26":[0,0],"27":[0,0],"28":[0,0],"29":[0,0,0],"30":[0,0,0,0],"31":[0,0],"32":[0,0],"33":[0,0],"34":[0,0,0,0,0,0,0,0,0,0]},"_coverageSchema":"1a1c01bbd47fc00a2c39e90264f33305004495a9","hash":"1b8ba68472a1a363f16ea26410230d11d266466a"}
,"C:\\Users\\Emperor Haddad\\OneDrive - Canterbury Christ Church University\\Documents\\CCCU\\Final project\\DO NOT TOUCH MORTALS\\LMC_simulator_game\\src\\compiled\\vonNeumann.js": {"path":"C:\\Users\\Emperor Haddad\\OneDrive - Canterbury Christ Church University\\Documents\\CCCU\\Final project\\DO NOT TOUCH MORTALS\\LMC_simulator_game\\src\\compiled\\vonNeumann.js","statementMap":{"0":{"start":{"line":1,"column":16},"end":{"line":9,"column":1}},"1":{"start":{"line":2,"column":28},"end":{"line":2,"column":110}},"2":{"start":{"line":2,"column":91},"end":{"line":2,"column":106}},"3":{"start":{"line":3,"column":4},"end":{"line":8,"column":7}},"4":{"start":{"line":4,"column":36},"end":{"line":4,"column":97}},"5":{"start":{"line":4,"column":42},"end":{"line":4,"column":70}},"6":{"start":{"line":4,"column":85},"end":{"line":4,"column":95}},"7":{"start":{"line":5,"column":35},"end":{"line":5,"column":100}},"8":{"start":{"line":5,"column":41},"end":{"line":5,"column":73}},"9":{"start":{"line":5,"column":88},"end":{"line":5,"column":98}},"10":{"start":{"line":6,"column":32},"end":{"line":6,"column":116}},"11":{"start":{"line":7,"column":8},"end":{"line":7,"column":78}},"12":{"start":{"line":14,"column":0},"end":{"line":19,"column":32}},"13":{"start":{"line":15,"column":4},"end":{"line":15,"column":64}},"14":{"start":{"line":16,"column":4},"end":{"line":16,"column":50}},"15":{"start":{"line":17,"column":4},"end":{"line":17,"column":58}},"16":{"start":{"line":18,"column":4},"end":{"line":18,"column":58}},"17":{"start":{"line":22,"column":0},"end":{"line":26,"column":40}},"18":{"start":{"line":23,"column":4},"end":{"line":23,"column":62}},"19":{"start":{"line":24,"column":4},"end":{"line":24,"column":56}},"20":{"start":{"line":25,"column":4},"end":{"line":25,"column":60}},"21":{"start":{"line":33,"column":8},"end":{"line":33,"column":36}},"22":{"start":{"line":35,"column":8},"end":{"line":44,"column":9}},"23":{"start":{"line":35,"column":25},"end":{"line":35,"column":26}},"24":{"start":{"line":37,"column":25},"end":{"line":37,"column":38}},"25":{"start":{"line":39,"column":12},"end":{"line":41,"column":13}},"26":{"start":{"line":40,"column":16},"end":{"line":40,"column":27}},"27":{"start":{"line":43,"column":12},"end":{"line":43,"column":39}},"28":{"start":{"line":48,"column":22},"end":{"line":48,"column":41}},"29":{"start":{"line":50,"column":8},"end":{"line":52,"column":9}},"30":{"start":{"line":51,"column":12},"end":{"line":51,"column":21}},"31":{"start":{"line":54,"column":8},"end":{"line":54,"column":21}},"32":{"start":{"line":56,"column":28},"end":{"line":56,"column":56}},"33":{"start":{"line":61,"column":8},"end":{"line":61,"column":34}},"34":{"start":{"line":64,"column":8},"end":{"line":64,"column":52}},"35":{"start":{"line":67,"column":8},"end":{"line":67,"column":37}},"36":{"start":{"line":73,"column":8},"end":{"line":73,"column":62}},"37":{"start":{"line":75,"column":8},"end":{"line":90,"column":9}},"38":{"start":{"line":76,"column":12},"end":{"line":76,"column":58}},"39":{"start":{"line":77,"column":12},"end":{"line":77,"column":42}},"40":{"start":{"line":79,"column":12},"end":{"line":79,"column":58}},"41":{"start":{"line":81,"column":13},"end":{"line":90,"column":9}},"42":{"start":{"line":82,"column":12},"end":{"line":82,"column":59}},"43":{"start":{"line":83,"column":12},"end":{"line":83,"column":42}},"44":{"start":{"line":85,"column":12},"end":{"line":85,"column":58}},"45":{"start":{"line":88,"column":12},"end":{"line":88,"column":56}},"46":{"start":{"line":89,"column":12},"end":{"line":89,"column":58}},"47":{"start":{"line":92,"column":30},"end":{"line":92,"column":62}},"48":{"start":{"line":96,"column":22},"end":{"line":96,"column":66}},"49":{"start":{"line":97,"column":8},"end":{"line":99,"column":9}},"50":{"start":{"line":98,"column":12},"end":{"line":98,"column":39}},"51":{"start":{"line":101,"column":8},"end":{"line":112,"column":9}},"52":{"start":{"line":104,"column":16},"end":{"line":104,"column":47}},"53":{"start":{"line":105,"column":16},"end":{"line":105,"column":22}},"54":{"start":{"line":107,"column":16},"end":{"line":107,"column":46}},"55":{"start":{"line":108,"column":16},"end":{"line":108,"column":22}},"56":{"start":{"line":110,"column":16},"end":{"line":110,"column":40}},"57":{"start":{"line":111,"column":16},"end":{"line":111,"column":22}},"58":{"start":{"line":114,"column":8},"end":{"line":119,"column":9}},"59":{"start":{"line":115,"column":12},"end":{"line":115,"column":38}},"60":{"start":{"line":118,"column":12},"end":{"line":118,"column":41}},"61":{"start":{"line":120,"column":8},"end":{"line":122,"column":9}},"62":{"start":{"line":121,"column":12},"end":{"line":121,"column":34}},"63":{"start":{"line":124,"column":8},"end":{"line":124,"column":62}},"64":{"start":{"line":130,"column":8},"end":{"line":130,"column":32}},"65":{"start":{"line":131,"column":8},"end":{"line":131,"column":25}},"66":{"start":{"line":132,"column":8},"end":{"line":132,"column":29}},"67":{"start":{"line":133,"column":8},"end":{"line":133,"column":29}},"68":{"start":{"line":137,"column":8},"end":{"line":142,"column":9}},"69":{"start":{"line":138,"column":42},"end":{"line":138,"column":69}},"70":{"start":{"line":139,"column":35},"end":{"line":139,"column":55}},"71":{"start":{"line":140,"column":39},"end":{"line":140,"column":63}},"72":{"start":{"line":141,"column":21},"end":{"line":141,"column":45}},"73":{"start":{"line":145,"column":8},"end":{"line":156,"column":9}},"74":{"start":{"line":147,"column":16},"end":{"line":147,"column":44}},"75":{"start":{"line":148,"column":16},"end":{"line":148,"column":22}},"76":{"start":{"line":150,"column":16},"end":{"line":150,"column":37}},"77":{"start":{"line":151,"column":16},"end":{"line":151,"column":22}},"78":{"start":{"line":153,"column":16},"end":{"line":153,"column":41}},"79":{"start":{"line":154,"column":16},"end":{"line":154,"column":22}},"80":{"start":{"line":155,"column":21},"end":{"line":155,"column":46}},"81":{"start":{"line":161,"column":8},"end":{"line":161,"column":49}},"82":{"start":{"line":163,"column":8},"end":{"line":163,"column":32}},"83":{"start":{"line":167,"column":8},"end":{"line":167,"column":49}},"84":{"start":{"line":168,"column":8},"end":{"line":168,"column":29}},"85":{"start":{"line":172,"column":24},"end":{"line":172,"column":53}},"86":{"start":{"line":174,"column":8},"end":{"line":176,"column":9}},"87":{"start":{"line":175,"column":12},"end":{"line":175,"column":21}},"88":{"start":{"line":178,"column":8},"end":{"line":178,"column":23}},"89":{"start":{"line":181,"column":8},"end":{"line":183,"column":9}},"90":{"start":{"line":182,"column":12},"end":{"line":182,"column":37}},"91":{"start":{"line":184,"column":8},"end":{"line":184,"column":21}},"92":{"start":{"line":189,"column":8},"end":{"line":189,"column":34}},"93":{"start":{"line":192,"column":21},"end":{"line":192,"column":70}},"94":{"start":{"line":194,"column":8},"end":{"line":196,"column":9}},"95":{"start":{"line":195,"column":12},"end":{"line":195,"column":24}},"96":{"start":{"line":198,"column":8},"end":{"line":198,"column":22}},"97":{"start":{"line":206,"column":8},"end":{"line":206,"column":35}},"98":{"start":{"line":207,"column":8},"end":{"line":207,"column":27}},"99":{"start":{"line":208,"column":8},"end":{"line":208,"column":39}},"100":{"start":{"line":209,"column":8},"end":{"line":209,"column":43}},"101":{"start":{"line":211,"column":8},"end":{"line":211,"column":32}},"102":{"start":{"line":212,"column":8},"end":{"line":212,"column":31}},"103":{"start":{"line":214,"column":8},"end":{"line":214,"column":50}},"104":{"start":{"line":218,"column":8},"end":{"line":218,"column":68}},"105":{"start":{"line":223,"column":23},"end":{"line":223,"column":82}},"106":{"start":{"line":225,"column":26},"end":{"line":225,"column":40}},"107":{"start":{"line":227,"column":8},"end":{"line":227,"column":73}},"108":{"start":{"line":228,"column":8},"end":{"line":228,"column":78}},"109":{"start":{"line":229,"column":8},"end":{"line":229,"column":151}},"110":{"start":{"line":230,"column":8},"end":{"line":230,"column":70}},"111":{"start":{"line":233,"column":8},"end":{"line":233,"column":129}},"112":{"start":{"line":235,"column":8},"end":{"line":235,"column":70}},"113":{"start":{"line":236,"column":8},"end":{"line":236,"column":115}},"114":{"start":{"line":237,"column":8},"end":{"line":237,"column":107}},"115":{"start":{"line":238,"column":8},"end":{"line":269,"column":9}},"116":{"start":{"line":241,"column":16},"end":{"line":241,"column":27}},"117":{"start":{"line":242,"column":16},"end":{"line":242,"column":22}},"118":{"start":{"line":244,"column":16},"end":{"line":244,"column":27}},"119":{"start":{"line":245,"column":16},"end":{"line":245,"column":22}},"120":{"start":{"line":247,"column":16},"end":{"line":247,"column":27}},"121":{"start":{"line":248,"column":16},"end":{"line":248,"column":22}},"122":{"start":{"line":250,"column":16},"end":{"line":250,"column":26}},"123":{"start":{"line":251,"column":16},"end":{"line":251,"column":22}},"124":{"start":{"line":255,"column":16},"end":{"line":255,"column":27}},"125":{"start":{"line":256,"column":16},"end":{"line":256,"column":22}},"126":{"start":{"line":258,"column":16},"end":{"line":258,"column":27}},"127":{"start":{"line":259,"column":16},"end":{"line":259,"column":22}},"128":{"start":{"line":261,"column":16},"end":{"line":261,"column":27}},"129":{"start":{"line":262,"column":16},"end":{"line":262,"column":22}},"130":{"start":{"line":264,"column":16},"end":{"line":264,"column":27}},"131":{"start":{"line":265,"column":16},"end":{"line":265,"column":22}},"132":{"start":{"line":266,"column":21},"end":{"line":266,"column":31}},"133":{"start":{"line":275,"column":24},"end":{"line":275,"column":61}},"134":{"start":{"line":276,"column":22},"end":{"line":276,"column":44}},"135":{"start":{"line":277,"column":8},"end":{"line":277,"column":44}},"136":{"start":{"line":278,"column":8},"end":{"line":278,"column":119}},"137":{"start":{"line":279,"column":8},"end":{"line":279,"column":56}},"138":{"start":{"line":280,"column":8},"end":{"line":280,"column":115}},"139":{"start":{"line":287,"column":24},"end":{"line":287,"column":61}},"140":{"start":{"line":288,"column":22},"end":{"line":288,"column":44}},"141":{"start":{"line":289,"column":8},"end":{"line":289,"column":46}},"142":{"start":{"line":290,"column":8},"end":{"line":290,"column":126}},"143":{"start":{"line":291,"column":8},"end":{"line":291,"column":56}},"144":{"start":{"line":292,"column":8},"end":{"line":292,"column":115}},"145":{"start":{"line":296,"column":24},"end":{"line":296,"column":61}},"146":{"start":{"line":297,"column":28},"end":{"line":297,"column":69}},"147":{"start":{"line":298,"column":8},"end":{"line":298,"column":45}},"148":{"start":{"line":299,"column":8},"end":{"line":299,"column":115}},"149":{"start":{"line":300,"column":8},"end":{"line":300,"column":56}},"150":{"start":{"line":301,"column":8},"end":{"line":301,"column":90}},"151":{"start":{"line":305,"column":8},"end":{"line":312,"column":9}},"152":{"start":{"line":306,"column":12},"end":{"line":306,"column":49}},"153":{"start":{"line":307,"column":12},"end":{"line":307,"column":97}},"154":{"start":{"line":310,"column":12},"end":{"line":310,"column":50}},"155":{"start":{"line":311,"column":12},"end":{"line":311,"column":98}},"156":{"start":{"line":313,"column":8},"end":{"line":313,"column":56}},"157":{"start":{"line":314,"column":8},"end":{"line":314,"column":115}},"158":{"start":{"line":318,"column":24},"end":{"line":318,"column":61}},"159":{"start":{"line":319,"column":22},"end":{"line":319,"column":44}},"160":{"start":{"line":320,"column":8},"end":{"line":320,"column":138}},"161":{"start":{"line":321,"column":8},"end":{"line":321,"column":56}},"162":{"start":{"line":322,"column":8},"end":{"line":322,"column":79}},"163":{"start":{"line":324,"column":8},"end":{"line":324,"column":58}},"164":{"start":{"line":328,"column":24},"end":{"line":328,"column":61}},"165":{"start":{"line":329,"column":8},"end":{"line":329,"column":67}},"166":{"start":{"line":331,"column":8},"end":{"line":331,"column":135}},"167":{"start":{"line":332,"column":8},"end":{"line":332,"column":75}},"168":{"start":{"line":336,"column":24},"end":{"line":336,"column":61}},"169":{"start":{"line":337,"column":8},"end":{"line":343,"column":9}},"170":{"start":{"line":339,"column":12},"end":{"line":339,"column":71}},"171":{"start":{"line":340,"column":12},"end":{"line":340,"column":133}},"172":{"start":{"line":341,"column":12},"end":{"line":341,"column":79}},"173":{"start":{"line":342,"column":12},"end":{"line":342,"column":19}},"174":{"start":{"line":344,"column":8},"end":{"line":344,"column":118}},"175":{"start":{"line":345,"column":8},"end":{"line":345,"column":72}},"176":{"start":{"line":349,"column":24},"end":{"line":349,"column":61}},"177":{"start":{"line":350,"column":8},"end":{"line":356,"column":9}},"178":{"start":{"line":352,"column":12},"end":{"line":352,"column":71}},"179":{"start":{"line":353,"column":12},"end":{"line":353,"column":122}},"180":{"start":{"line":354,"column":12},"end":{"line":354,"column":79}},"181":{"start":{"line":355,"column":12},"end":{"line":355,"column":19}},"182":{"start":{"line":357,"column":8},"end":{"line":357,"column":131}},"183":{"start":{"line":358,"column":8},"end":{"line":358,"column":72}},"184":{"start":{"line":361,"column":8},"end":{"line":409,"column":11}},"185":{"start":{"line":364,"column":28},"end":{"line":364,"column":65}},"186":{"start":{"line":365,"column":12},"end":{"line":408,"column":13}},"187":{"start":{"line":369,"column":32},"end":{"line":369,"column":47}},"188":{"start":{"line":370,"column":20},"end":{"line":379,"column":21}},"189":{"start":{"line":371,"column":24},"end":{"line":377,"column":25}},"190":{"start":{"line":372,"column":28},"end":{"line":372,"column":69}},"191":{"start":{"line":376,"column":28},"end":{"line":376,"column":38}},"192":{"start":{"line":380,"column":20},"end":{"line":380,"column":70}},"193":{"start":{"line":381,"column":20},"end":{"line":381,"column":120}},"194":{"start":{"line":382,"column":20},"end":{"line":382,"column":77}},"195":{"start":{"line":383,"column":20},"end":{"line":383,"column":91}},"196":{"start":{"line":384,"column":20},"end":{"line":384,"column":26}},"197":{"start":{"line":387,"column":20},"end":{"line":387,"column":135}},"198":{"start":{"line":388,"column":20},"end":{"line":388,"column":78}},"199":{"start":{"line":389,"column":20},"end":{"line":389,"column":41}},"200":{"start":{"line":390,"column":20},"end":{"line":390,"column":87}},"201":{"start":{"line":391,"column":20},"end":{"line":391,"column":77}},"202":{"start":{"line":392,"column":20},"end":{"line":392,"column":26}},"203":{"start":{"line":395,"column":20},"end":{"line":395,"column":143}},"204":{"start":{"line":396,"column":36},"end":{"line":396,"column":77}},"205":{"start":{"line":399,"column":20},"end":{"line":402,"column":21}},"206":{"start":{"line":400,"column":24},"end":{"line":400,"column":46}},"207":{"start":{"line":401,"column":24},"end":{"line":401,"column":30}},"208":{"start":{"line":404,"column":20},"end":{"line":404,"column":65}},"209":{"start":{"line":406,"column":20},"end":{"line":406,"column":87}},"210":{"start":{"line":407,"column":20},"end":{"line":407,"column":80}},"211":{"start":{"line":412,"column":8},"end":{"line":414,"column":9}},"212":{"start":{"line":413,"column":12},"end":{"line":413,"column":19}},"213":{"start":{"line":416,"column":8},"end":{"line":416,"column":54}},"214":{"start":{"line":421,"column":8},"end":{"line":462,"column":11}},"215":{"start":{"line":422,"column":26},"end":{"line":422,"column":71}},"216":{"start":{"line":422,"column":34},"end":{"line":422,"column":71}},"217":{"start":{"line":422,"column":53},"end":{"line":422,"column":70}},"218":{"start":{"line":424,"column":12},"end":{"line":459,"column":13}},"219":{"start":{"line":427,"column":16},"end":{"line":427,"column":84}},"220":{"start":{"line":428,"column":16},"end":{"line":428,"column":150}},"221":{"start":{"line":431,"column":16},"end":{"line":431,"column":48}},"222":{"start":{"line":432,"column":16},"end":{"line":432,"column":29}},"223":{"start":{"line":434,"column":16},"end":{"line":439,"column":17}},"224":{"start":{"line":436,"column":20},"end":{"line":436,"column":95}},"225":{"start":{"line":437,"column":20},"end":{"line":437,"column":77}},"226":{"start":{"line":438,"column":20},"end":{"line":438,"column":26}},"227":{"start":{"line":440,"column":16},"end":{"line":440,"column":48}},"228":{"start":{"line":441,"column":16},"end":{"line":441,"column":30}},"229":{"start":{"line":443,"column":16},"end":{"line":443,"column":48}},"230":{"start":{"line":445,"column":16},"end":{"line":445,"column":159}},"231":{"start":{"line":446,"column":16},"end":{"line":446,"column":77}},"232":{"start":{"line":447,"column":16},"end":{"line":447,"column":48}},"233":{"start":{"line":448,"column":16},"end":{"line":448,"column":166}},"234":{"start":{"line":449,"column":16},"end":{"line":449,"column":86}},"235":{"start":{"line":450,"column":16},"end":{"line":450,"column":112}},"236":{"start":{"line":451,"column":16},"end":{"line":457,"column":17}},"237":{"start":{"line":453,"column":20},"end":{"line":453,"column":52}},"238":{"start":{"line":454,"column":20},"end":{"line":454,"column":123}},"239":{"start":{"line":455,"column":20},"end":{"line":455,"column":86}},"240":{"start":{"line":456,"column":20},"end":{"line":456,"column":69}},"241":{"start":{"line":460,"column":12},"end":{"line":460,"column":51}},"242":{"start":{"line":461,"column":12},"end":{"line":461,"column":40}},"243":{"start":{"line":464,"column":28},"end":{"line":464,"column":66}}},"fnMap":{"0":{"name":"(anonymous_0)","decl":{"start":{"line":1,"column":44},"end":{"line":1,"column":45}},"loc":{"start":{"line":1,"column":89},"end":{"line":9,"column":1}},"line":1},"1":{"name":"adopt","decl":{"start":{"line":2,"column":13},"end":{"line":2,"column":18}},"loc":{"start":{"line":2,"column":26},"end":{"line":2,"column":112}},"line":2},"2":{"name":"(anonymous_2)","decl":{"start":{"line":2,"column":70},"end":{"line":2,"column":71}},"loc":{"start":{"line":2,"column":89},"end":{"line":2,"column":108}},"line":2},"3":{"name":"(anonymous_3)","decl":{"start":{"line":3,"column":36},"end":{"line":3,"column":37}},"loc":{"start":{"line":3,"column":63},"end":{"line":8,"column":5}},"line":3},"4":{"name":"fulfilled","decl":{"start":{"line":4,"column":17},"end":{"line":4,"column":26}},"loc":{"start":{"line":4,"column":34},"end":{"line":4,"column":99}},"line":4},"5":{"name":"rejected","decl":{"start":{"line":5,"column":17},"end":{"line":5,"column":25}},"loc":{"start":{"line":5,"column":33},"end":{"line":5,"column":102}},"line":5},"6":{"name":"step","decl":{"start":{"line":6,"column":17},"end":{"line":6,"column":21}},"loc":{"start":{"line":6,"column":30},"end":{"line":6,"column":118}},"line":6},"7":{"name":"(anonymous_7)","decl":{"start":{"line":14,"column":1},"end":{"line":14,"column":2}},"loc":{"start":{"line":14,"column":21},"end":{"line":19,"column":1}},"line":14},"8":{"name":"(anonymous_8)","decl":{"start":{"line":22,"column":1},"end":{"line":22,"column":2}},"loc":{"start":{"line":22,"column":25},"end":{"line":26,"column":1}},"line":22},"9":{"name":"(anonymous_9)","decl":{"start":{"line":32,"column":4},"end":{"line":32,"column":5}},"loc":{"start":{"line":32,"column":24},"end":{"line":45,"column":5}},"line":32},"10":{"name":"(anonymous_10)","decl":{"start":{"line":47,"column":4},"end":{"line":47,"column":5}},"loc":{"start":{"line":47,"column":18},"end":{"line":55,"column":5}},"line":47},"11":{"name":"(anonymous_11)","decl":{"start":{"line":56,"column":4},"end":{"line":56,"column":5}},"loc":{"start":{"line":56,"column":26},"end":{"line":56,"column":58}},"line":56},"12":{"name":"(anonymous_12)","decl":{"start":{"line":60,"column":4},"end":{"line":60,"column":5}},"loc":{"start":{"line":60,"column":18},"end":{"line":65,"column":5}},"line":60},"13":{"name":"(anonymous_13)","decl":{"start":{"line":66,"column":4},"end":{"line":66,"column":5}},"loc":{"start":{"line":66,"column":26},"end":{"line":69,"column":5}},"line":66},"14":{"name":"(anonymous_14)","decl":{"start":{"line":71,"column":4},"end":{"line":71,"column":5}},"loc":{"start":{"line":71,"column":26},"end":{"line":91,"column":5}},"line":71},"15":{"name":"(anonymous_15)","decl":{"start":{"line":92,"column":4},"end":{"line":92,"column":5}},"loc":{"start":{"line":92,"column":28},"end":{"line":92,"column":64}},"line":92},"16":{"name":"(anonymous_16)","decl":{"start":{"line":93,"column":4},"end":{"line":93,"column":5}},"loc":{"start":{"line":93,"column":27},"end":{"line":126,"column":5}},"line":93},"17":{"name":"(anonymous_17)","decl":{"start":{"line":129,"column":4},"end":{"line":129,"column":5}},"loc":{"start":{"line":129,"column":18},"end":{"line":134,"column":5}},"line":129},"18":{"name":"(anonymous_18)","decl":{"start":{"line":136,"column":4},"end":{"line":136,"column":5}},"loc":{"start":{"line":136,"column":19},"end":{"line":143,"column":5}},"line":136},"19":{"name":"(anonymous_19)","decl":{"start":{"line":144,"column":4},"end":{"line":144,"column":5}},"loc":{"start":{"line":144,"column":27},"end":{"line":157,"column":5}},"line":144},"20":{"name":"(anonymous_20)","decl":{"start":{"line":160,"column":4},"end":{"line":160,"column":5}},"loc":{"start":{"line":160,"column":34},"end":{"line":164,"column":5}},"line":160},"21":{"name":"(anonymous_21)","decl":{"start":{"line":166,"column":4},"end":{"line":166,"column":5}},"loc":{"start":{"line":166,"column":20},"end":{"line":169,"column":5}},"line":166},"22":{"name":"(anonymous_22)","decl":{"start":{"line":170,"column":4},"end":{"line":170,"column":5}},"loc":{"start":{"line":170,"column":17},"end":{"line":179,"column":5}},"line":170},"23":{"name":"(anonymous_23)","decl":{"start":{"line":180,"column":4},"end":{"line":180,"column":5}},"loc":{"start":{"line":180,"column":12},"end":{"line":186,"column":5}},"line":180},"24":{"name":"(anonymous_24)","decl":{"start":{"line":187,"column":4},"end":{"line":187,"column":5}},"loc":{"start":{"line":187,"column":17},"end":{"line":190,"column":5}},"line":187},"25":{"name":"(anonymous_25)","decl":{"start":{"line":191,"column":4},"end":{"line":191,"column":5}},"loc":{"start":{"line":191,"column":22},"end":{"line":199,"column":5}},"line":191},"26":{"name":"(anonymous_26)","decl":{"start":{"line":204,"column":4},"end":{"line":204,"column":5}},"loc":{"start":{"line":204,"column":54},"end":{"line":219,"column":5}},"line":204},"27":{"name":"(anonymous_27)","decl":{"start":{"line":221,"column":4},"end":{"line":221,"column":5}},"loc":{"start":{"line":221,"column":12},"end":{"line":231,"column":5}},"line":221},"28":{"name":"(anonymous_28)","decl":{"start":{"line":232,"column":4},"end":{"line":232,"column":5}},"loc":{"start":{"line":232,"column":13},"end":{"line":270,"column":5}},"line":232},"29":{"name":"(anonymous_29)","decl":{"start":{"line":272,"column":4},"end":{"line":272,"column":5}},"loc":{"start":{"line":272,"column":10},"end":{"line":283,"column":5}},"line":272},"30":{"name":"(anonymous_30)","decl":{"start":{"line":284,"column":4},"end":{"line":284,"column":5}},"loc":{"start":{"line":284,"column":10},"end":{"line":293,"column":5}},"line":284},"31":{"name":"(anonymous_31)","decl":{"start":{"line":294,"column":4},"end":{"line":294,"column":5}},"loc":{"start":{"line":294,"column":10},"end":{"line":302,"column":5}},"line":294},"32":{"name":"(anonymous_32)","decl":{"start":{"line":303,"column":4},"end":{"line":303,"column":5}},"loc":{"start":{"line":303,"column":9},"end":{"line":315,"column":5}},"line":303},"33":{"name":"(anonymous_33)","decl":{"start":{"line":316,"column":4},"end":{"line":316,"column":5}},"loc":{"start":{"line":316,"column":10},"end":{"line":325,"column":5}},"line":316},"34":{"name":"(anonymous_34)","decl":{"start":{"line":326,"column":4},"end":{"line":326,"column":5}},"loc":{"start":{"line":326,"column":10},"end":{"line":333,"column":5}},"line":326},"35":{"name":"(anonymous_35)","decl":{"start":{"line":334,"column":4},"end":{"line":334,"column":5}},"loc":{"start":{"line":334,"column":10},"end":{"line":346,"column":5}},"line":334},"36":{"name":"(anonymous_36)","decl":{"start":{"line":347,"column":4},"end":{"line":347,"column":5}},"loc":{"start":{"line":347,"column":10},"end":{"line":359,"column":5}},"line":347},"37":{"name":"(anonymous_37)","decl":{"start":{"line":360,"column":4},"end":{"line":360,"column":5}},"loc":{"start":{"line":360,"column":9},"end":{"line":410,"column":5}},"line":360},"38":{"name":"(anonymous_38)","decl":{"start":{"line":361,"column":47},"end":{"line":361,"column":48}},"loc":{"start":{"line":361,"column":60},"end":{"line":409,"column":9}},"line":361},"39":{"name":"(anonymous_39)","decl":{"start":{"line":411,"column":4},"end":{"line":411,"column":5}},"loc":{"start":{"line":411,"column":39},"end":{"line":418,"column":5}},"line":411},"40":{"name":"(anonymous_40)","decl":{"start":{"line":420,"column":4},"end":{"line":420,"column":5}},"loc":{"start":{"line":420,"column":12},"end":{"line":463,"column":5}},"line":420},"41":{"name":"(anonymous_41)","decl":{"start":{"line":421,"column":47},"end":{"line":421,"column":48}},"loc":{"start":{"line":421,"column":60},"end":{"line":462,"column":9}},"line":421},"42":{"name":"(anonymous_42)","decl":{"start":{"line":422,"column":26},"end":{"line":422,"column":27}},"loc":{"start":{"line":422,"column":34},"end":{"line":422,"column":71}},"line":422},"43":{"name":"(anonymous_43)","decl":{"start":{"line":422,"column":46},"end":{"line":422,"column":47}},"loc":{"start":{"line":422,"column":53},"end":{"line":422,"column":70}},"line":422},"44":{"name":"(anonymous_44)","decl":{"start":{"line":464,"column":4},"end":{"line":464,"column":5}},"loc":{"start":{"line":464,"column":26},"end":{"line":464,"column":68}},"line":464}},"branchMap":{"0":{"loc":{"start":{"line":1,"column":16},"end":{"line":9,"column":1}},"type":"binary-expr","locations":[{"start":{"line":1,"column":17},"end":{"line":1,"column":21}},{"start":{"line":1,"column":25},"end":{"line":1,"column":39}},{"start":{"line":1,"column":44},"end":{"line":9,"column":1}}],"line":1},"1":{"loc":{"start":{"line":2,"column":35},"end":{"line":2,"column":109}},"type":"cond-expr","locations":[{"start":{"line":2,"column":56},"end":{"line":2,"column":61}},{"start":{"line":2,"column":64},"end":{"line":2,"column":109}}],"line":2},"2":{"loc":{"start":{"line":3,"column":16},"end":{"line":3,"column":34}},"type":"binary-expr","locations":[{"start":{"line":3,"column":16},"end":{"line":3,"column":17}},{"start":{"line":3,"column":22},"end":{"line":3,"column":33}}],"line":3},"3":{"loc":{"start":{"line":6,"column":32},"end":{"line":6,"column":115}},"type":"cond-expr","locations":[{"start":{"line":6,"column":46},"end":{"line":6,"column":67}},{"start":{"line":6,"column":70},"end":{"line":6,"column":115}}],"line":6},"4":{"loc":{"start":{"line":7,"column":51},"end":{"line":7,"column":67}},"type":"binary-expr","locations":[{"start":{"line":7,"column":51},"end":{"line":7,"column":61}},{"start":{"line":7,"column":65},"end":{"line":7,"column":67}}],"line":7},"5":{"loc":{"start":{"line":19,"column":3},"end":{"line":19,"column":30}},"type":"binary-expr","locations":[{"start":{"line":19,"column":3},"end":{"line":19,"column":11}},{"start":{"line":19,"column":16},"end":{"line":19,"column":29}}],"line":19},"6":{"loc":{"start":{"line":26,"column":3},"end":{"line":26,"column":38}},"type":"binary-expr","locations":[{"start":{"line":26,"column":3},"end":{"line":26,"column":15}},{"start":{"line":26,"column":20},"end":{"line":26,"column":37}}],"line":26},"7":{"loc":{"start":{"line":39,"column":12},"end":{"line":41,"column":13}},"type":"if","locations":[{"start":{"line":39,"column":12},"end":{"line":41,"column":13}},{"start":{},"end":{}}],"line":39},"8":{"loc":{"start":{"line":50,"column":8},"end":{"line":52,"column":9}},"type":"if","locations":[{"start":{"line":50,"column":8},"end":{"line":52,"column":9}},{"start":{},"end":{}}],"line":50},"9":{"loc":{"start":{"line":75,"column":8},"end":{"line":90,"column":9}},"type":"if","locations":[{"start":{"line":75,"column":8},"end":{"line":90,"column":9}},{"start":{"line":81,"column":13},"end":{"line":90,"column":9}}],"line":75},"10":{"loc":{"start":{"line":81,"column":13},"end":{"line":90,"column":9}},"type":"if","locations":[{"start":{"line":81,"column":13},"end":{"line":90,"column":9}},{"start":{"line":87,"column":13},"end":{"line":90,"column":9}}],"line":81},"11":{"loc":{"start":{"line":97,"column":8},"end":{"line":99,"column":9}},"type":"if","locations":[{"start":{"line":97,"column":8},"end":{"line":99,"column":9}},{"start":{},"end":{}}],"line":97},"12":{"loc":{"start":{"line":101,"column":8},"end":{"line":112,"column":9}},"type":"switch","locations":[{"start":{"line":103,"column":12},"end":{"line":105,"column":22}},{"start":{"line":106,"column":12},"end":{"line":108,"column":22}},{"start":{"line":109,"column":12},"end":{"line":111,"column":22}}],"line":101},"13":{"loc":{"start":{"line":114,"column":8},"end":{"line":119,"column":9}},"type":"if","locations":[{"start":{"line":114,"column":8},"end":{"line":119,"column":9}},{"start":{"line":117,"column":13},"end":{"line":119,"column":9}}],"line":114},"14":{"loc":{"start":{"line":120,"column":8},"end":{"line":122,"column":9}},"type":"if","locations":[{"start":{"line":120,"column":8},"end":{"line":122,"column":9}},{"start":{},"end":{}}],"line":120},"15":{"loc":{"start":{"line":137,"column":8},"end":{"line":142,"column":9}},"type":"switch","locations":[{"start":{"line":138,"column":12},"end":{"line":138,"column":69}},{"start":{"line":139,"column":12},"end":{"line":139,"column":55}},{"start":{"line":140,"column":12},"end":{"line":140,"column":63}},{"start":{"line":141,"column":12},"end":{"line":141,"column":45}}],"line":137},"16":{"loc":{"start":{"line":145,"column":8},"end":{"line":156,"column":9}},"type":"switch","locations":[{"start":{"line":146,"column":12},"end":{"line":148,"column":22}},{"start":{"line":149,"column":12},"end":{"line":151,"column":22}},{"start":{"line":152,"column":12},"end":{"line":154,"column":22}},{"start":{"line":155,"column":12},"end":{"line":155,"column":46}}],"line":145},"17":{"loc":{"start":{"line":174,"column":8},"end":{"line":176,"column":9}},"type":"if","locations":[{"start":{"line":174,"column":8},"end":{"line":176,"column":9}},{"start":{},"end":{}}],"line":174},"18":{"loc":{"start":{"line":181,"column":8},"end":{"line":183,"column":9}},"type":"if","locations":[{"start":{"line":181,"column":8},"end":{"line":183,"column":9}},{"start":{},"end":{}}],"line":181},"19":{"loc":{"start":{"line":194,"column":8},"end":{"line":196,"column":9}},"type":"if","locations":[{"start":{"line":194,"column":8},"end":{"line":196,"column":9}},{"start":{},"end":{}}],"line":194},"20":{"loc":{"start":{"line":214,"column":26},"end":{"line":214,"column":49}},"type":"binary-expr","locations":[{"start":{"line":214,"column":26},"end":{"line":214,"column":36}},{"start":{"line":214,"column":40},"end":{"line":214,"column":49}}],"line":214},"21":{"loc":{"start":{"line":238,"column":8},"end":{"line":269,"column":9}},"type":"switch","locations":[{"start":{"line":240,"column":12},"end":{"line":242,"column":22}},{"start":{"line":243,"column":12},"end":{"line":245,"column":22}},{"start":{"line":246,"column":12},"end":{"line":248,"column":22}},{"start":{"line":249,"column":12},"end":{"line":251,"column":22}},{"start":{"line":254,"column":12},"end":{"line":256,"column":22}},{"start":{"line":257,"column":12},"end":{"line":259,"column":22}},{"start":{"line":260,"column":12},"end":{"line":262,"column":22}},{"start":{"line":263,"column":12},"end":{"line":265,"column":22}},{"start":{"line":266,"column":12},"end":{"line":266,"column":31}}],"line":238},"22":{"loc":{"start":{"line":305,"column":8},"end":{"line":312,"column":9}},"type":"if","locations":[{"start":{"line":305,"column":8},"end":{"line":312,"column":9}},{"start":{"line":309,"column":13},"end":{"line":312,"column":9}}],"line":305},"23":{"loc":{"start":{"line":337,"column":8},"end":{"line":343,"column":9}},"type":"if","locations":[{"start":{"line":337,"column":8},"end":{"line":343,"column":9}},{"start":{},"end":{}}],"line":337},"24":{"loc":{"start":{"line":350,"column":8},"end":{"line":356,"column":9}},"type":"if","locations":[{"start":{"line":350,"column":8},"end":{"line":356,"column":9}},{"start":{},"end":{}}],"line":350},"25":{"loc":{"start":{"line":365,"column":12},"end":{"line":408,"column":13}},"type":"switch","locations":[{"start":{"line":367,"column":16},"end":{"line":384,"column":26}},{"start":{"line":385,"column":16},"end":{"line":392,"column":26}},{"start":{"line":393,"column":16},"end":{"line":407,"column":80}}],"line":365},"26":{"loc":{"start":{"line":370,"column":20},"end":{"line":379,"column":21}},"type":"if","locations":[{"start":{"line":370,"column":20},"end":{"line":379,"column":21}},{"start":{},"end":{}}],"line":370},"27":{"loc":{"start":{"line":371,"column":24},"end":{"line":377,"column":25}},"type":"if","locations":[{"start":{"line":371,"column":24},"end":{"line":377,"column":25}},{"start":{"line":375,"column":29},"end":{"line":377,"column":25}}],"line":371},"28":{"loc":{"start":{"line":399,"column":20},"end":{"line":402,"column":21}},"type":"if","locations":[{"start":{"line":399,"column":20},"end":{"line":402,"column":21}},{"start":{},"end":{}}],"line":399},"29":{"loc":{"start":{"line":399,"column":24},"end":{"line":399,"column":53}},"type":"binary-expr","locations":[{"start":{"line":399,"column":24},"end":{"line":399,"column":36}},{"start":{"line":399,"column":40},"end":{"line":399,"column":53}}],"line":399},"30":{"loc":{"start":{"line":412,"column":8},"end":{"line":414,"column":9}},"type":"if","locations":[{"start":{"line":412,"column":8},"end":{"line":414,"column":9}},{"start":{},"end":{}}],"line":412},"31":{"loc":{"start":{"line":434,"column":16},"end":{"line":439,"column":17}},"type":"if","locations":[{"start":{"line":434,"column":16},"end":{"line":439,"column":17}},{"start":{},"end":{}}],"line":434},"32":{"loc":{"start":{"line":451,"column":16},"end":{"line":457,"column":17}},"type":"if","locations":[{"start":{"line":451,"column":16},"end":{"line":457,"column":17}},{"start":{},"end":{}}],"line":451}},"s":{"0":1,"1":559,"2":0,"3":115,"4":559,"5":559,"6":0,"7":0,"8":0,"9":0,"10":674,"11":115,"12":1,"13":1,"14":1,"15":1,"16":1,"17":1,"18":1,"19":1,"20":1,"21":42,"22":42,"23":42,"24":181,"25":181,"26":0,"27":181,"28":326,"29":326,"30":13,"31":313,"32":9,"33":42,"34":42,"35":6,"36":7,"37":7,"38":2,"39":2,"40":2,"41":5,"42":1,"43":1,"44":1,"45":4,"46":4,"47":2,"48":12,"49":12,"50":6,"51":12,"52":4,"53":4,"54":4,"55":4,"56":4,"57":4,"58":12,"59":6,"60":6,"61":12,"62":6,"63":12,"64":42,"65":42,"66":42,"67":42,"68":2165,"69":1029,"70":258,"71":771,"72":107,"73":548,"74":135,"75":135,"76":171,"77":171,"78":171,"79":171,"80":71,"81":42,"82":42,"83":40,"84":40,"85":33,"86":33,"87":0,"88":33,"89":33,"90":33,"91":0,"92":76,"93":37,"94":37,"95":0,"96":37,"97":42,"98":42,"99":42,"100":42,"101":42,"102":42,"103":42,"104":42,"105":171,"106":171,"107":171,"108":171,"109":171,"110":171,"111":129,"112":129,"113":129,"114":129,"115":129,"116":5,"117":5,"118":2,"119":2,"120":9,"121":9,"122":12,"123":12,"124":19,"125":19,"126":1,"127":1,"128":5,"129":5,"130":3,"131":3,"132":73,"133":5,"134":5,"135":5,"136":5,"137":5,"138":5,"139":2,"140":2,"141":2,"142":2,"143":2,"144":2,"145":9,"146":9,"147":9,"148":9,"149":9,"150":9,"151":12,"152":6,"153":6,"154":6,"155":6,"156":12,"157":12,"158":19,"159":19,"160":19,"161":19,"162":19,"163":19,"164":1,"165":1,"166":1,"167":1,"168":5,"169":5,"170":2,"171":2,"172":2,"173":2,"174":3,"175":3,"176":3,"177":3,"178":2,"179":2,"180":2,"181":2,"182":1,"183":1,"184":73,"185":73,"186":73,"187":33,"188":33,"189":0,"190":0,"191":0,"192":33,"193":33,"194":33,"195":33,"196":33,"197":34,"198":34,"199":34,"200":34,"201":34,"202":34,"203":6,"204":6,"205":6,"206":3,"207":3,"208":3,"209":3,"210":3,"211":1916,"212":1916,"213":0,"214":42,"215":42,"216":559,"217":559,"218":42,"219":171,"220":171,"221":171,"222":171,"223":171,"224":42,"225":42,"226":42,"227":129,"228":129,"229":129,"230":129,"231":129,"232":129,"233":129,"234":129,"235":129,"236":129,"237":1,"238":1,"239":1,"240":1,"241":42,"242":42,"243":6},"f":{"0":115,"1":559,"2":0,"3":115,"4":559,"5":0,"6":674,"7":1,"8":1,"9":42,"10":326,"11":9,"12":42,"13":6,"14":7,"15":2,"16":12,"17":42,"18":2165,"19":548,"20":42,"21":40,"22":33,"23":33,"24":76,"25":37,"26":42,"27":171,"28":129,"29":5,"30":2,"31":9,"32":12,"33":19,"34":1,"35":5,"36":3,"37":73,"38":73,"39":1916,"40":42,"41":42,"42":559,"43":559,"44":6},"b":{"0":[1,0,1],"1":[559,0],"2":[115,115],"3":[115,559],"4":[115,115],"5":[1,1],"6":[1,1],"7":[0,181],"8":[13,313],"9":[2,5],"10":[1,4],"11":[6,6],"12":[4,4,4],"13":[6,6],"14":[6,6],"15":[1029,258,771,107],"16":[135,171,171,71],"17":[0,33],"18":[33,0],"19":[0,37],"20":[42,42],"21":[5,2,9,12,19,1,5,3,73],"22":[6,6],"23":[2,3],"24":[2,1],"25":[33,34,6],"26":[0,33],"27":[0,0],"28":[3,3],"29":[6,4],"30":[1916,0],"31":[42,129],"32":[1,128]},"_coverageSchema":"1a1c01bbd47fc00a2c39e90264f33305004495a9","hash":"d6020a25770e5672f458272f0184c6acca6c30b7"}
}
