TN:
SF:src\compiled\simulatorUI.js
FN:1,(anonymous_0)
FN:2,adopt
FN:2,(anonymous_2)
FN:3,(anonymous_3)
FN:4,fulfilled
FN:5,rejected
FN:6,step
FN:13,(anonymous_7)
FN:21,(anonymous_8)
FN:40,(anonymous_9)
FN:46,(anonymous_10)
FN:71,(anonymous_11)
FN:81,(anonymous_12)
FN:95,(anonymous_13)
FN:100,(anonymous_14)
FN:129,(anonymous_15)
FN:157,(anonymous_16)
FN:185,(anonymous_17)
FN:206,(anonymous_18)
FN:227,(anonymous_19)
FN:267,(anonymous_20)
FN:282,(anonymous_21)
FN:292,(anonymous_22)
FN:293,(anonymous_23)
FN:295,(anonymous_24)
FN:296,(anonymous_25)
FN:316,(anonymous_26)
FN:323,(anonymous_27)
FN:328,(anonymous_28)
FN:352,(anonymous_29)
FN:357,(anonymous_30)
FN:376,(anonymous_31)
FN:382,(anonymous_32)
FN:402,(anonymous_33)
FN:410,(anonymous_34)
FN:421,(anonymous_35)
FN:422,(anonymous_36)
FN:423,(anonymous_37)
FN:434,(anonymous_38)
FN:446,(anonymous_39)
FN:453,(anonymous_40)
FN:456,(anonymous_41)
FN:463,(anonymous_42)
FN:471,(anonymous_43)
FN:474,(anonymous_44)
FN:475,(anonymous_45)
FN:476,(anonymous_46)
FN:484,(anonymous_47)
FN:485,(anonymous_48)
FN:487,(anonymous_49)
FN:488,(anonymous_50)
FN:492,(anonymous_51)
FN:493,(anonymous_52)
FN:498,(anonymous_53)
FN:499,(anonymous_54)
FN:500,(anonymous_55)
FN:501,(anonymous_56)
FN:540,(anonymous_57)
FN:543,(anonymous_58)
FNF:59
FNH:2
FNDA:0,(anonymous_0)
FNDA:0,adopt
FNDA:0,(anonymous_2)
FNDA:0,(anonymous_3)
FNDA:0,fulfilled
FNDA:0,rejected
FNDA:0,step
FNDA:1,(anonymous_7)
FNDA:1,(anonymous_8)
FNDA:0,(anonymous_9)
FNDA:0,(anonymous_10)
FNDA:0,(anonymous_11)
FNDA:0,(anonymous_12)
FNDA:0,(anonymous_13)
FNDA:0,(anonymous_14)
FNDA:0,(anonymous_15)
FNDA:0,(anonymous_16)
FNDA:0,(anonymous_17)
FNDA:0,(anonymous_18)
FNDA:0,(anonymous_19)
FNDA:0,(anonymous_20)
FNDA:0,(anonymous_21)
FNDA:0,(anonymous_22)
FNDA:0,(anonymous_23)
FNDA:0,(anonymous_24)
FNDA:0,(anonymous_25)
FNDA:0,(anonymous_26)
FNDA:0,(anonymous_27)
FNDA:0,(anonymous_28)
FNDA:0,(anonymous_29)
FNDA:0,(anonymous_30)
FNDA:0,(anonymous_31)
FNDA:0,(anonymous_32)
FNDA:0,(anonymous_33)
FNDA:0,(anonymous_34)
FNDA:0,(anonymous_35)
FNDA:0,(anonymous_36)
FNDA:0,(anonymous_37)
FNDA:0,(anonymous_38)
FNDA:0,(anonymous_39)
FNDA:0,(anonymous_40)
FNDA:0,(anonymous_41)
FNDA:0,(anonymous_42)
FNDA:0,(anonymous_43)
FNDA:0,(anonymous_44)
FNDA:0,(anonymous_45)
FNDA:0,(anonymous_46)
FNDA:0,(anonymous_47)
FNDA:0,(anonymous_48)
FNDA:0,(anonymous_49)
FNDA:0,(anonymous_50)
FNDA:0,(anonymous_51)
FNDA:0,(anonymous_52)
FNDA:0,(anonymous_53)
FNDA:0,(anonymous_54)
FNDA:0,(anonymous_55)
FNDA:0,(anonymous_56)
FNDA:0,(anonymous_57)
FNDA:0,(anonymous_58)
DA:1,1
DA:2,0
DA:3,0
DA:4,0
DA:5,0
DA:6,0
DA:7,0
DA:13,1
DA:14,1
DA:15,1
DA:16,1
DA:17,1
DA:21,1
DA:22,1
DA:23,1
DA:24,1
DA:25,1
DA:27,1
DA:29,1
DA:30,1
DA:31,1
DA:33,1
DA:35,1
DA:41,0
DA:44,0
DA:47,0
DA:49,0
DA:51,0
DA:53,0
DA:56,0
DA:62,0
DA:64,0
DA:66,0
DA:74,0
DA:76,0
DA:77,0
DA:82,0
DA:85,0
DA:86,0
DA:87,0
DA:90,0
DA:96,0
DA:102,0
DA:106,0
DA:108,0
DA:110,0
DA:111,0
DA:115,0
DA:117,0
DA:119,0
DA:126,0
DA:131,0
DA:133,0
DA:134,0
DA:136,0
DA:137,0
DA:139,0
DA:140,0
DA:142,0
DA:143,0
DA:145,0
DA:146,0
DA:148,0
DA:149,0
DA:151,0
DA:152,0
DA:158,0
DA:161,0
DA:162,0
DA:164,0
DA:165,0
DA:166,0
DA:168,0
DA:169,0
DA:170,0
DA:173,0
DA:174,0
DA:176,0
DA:177,0
DA:179,0
DA:180,0
DA:182,0
DA:187,0
DA:189,0
DA:191,0
DA:192,0
DA:193,0
DA:198,0
DA:199,0
DA:200,0
DA:203,0
DA:204,0
DA:209,0
DA:210,0
DA:212,0
DA:213,0
DA:214,0
DA:219,0
DA:220,0
DA:221,0
DA:224,0
DA:225,0
DA:229,0
DA:230,0
DA:232,0
DA:243,0
DA:244,0
DA:247,0
DA:248,0
DA:252,0
DA:262,0
DA:263,0
DA:270,0
DA:271,0
DA:273,0
DA:274,0
DA:275,0
DA:276,0
DA:279,0
DA:282,0
DA:286,0
DA:293,0
DA:294,0
DA:295,0
DA:296,0
DA:297,0
DA:298,0
DA:299,0
DA:300,0
DA:301,0
DA:304,0
DA:307,0
DA:310,0
DA:311,0
DA:312,0
DA:313,0
DA:314,0
DA:317,0
DA:318,0
DA:320,0
DA:321,0
DA:324,0
DA:325,0
DA:326,0
DA:330,0
DA:331,0
DA:332,0
DA:334,0
DA:335,0
DA:338,0
DA:339,0
DA:340,0
DA:341,0
DA:346,0
DA:348,0
DA:353,0
DA:354,0
DA:355,0
DA:358,0
DA:360,0
DA:361,0
DA:364,0
DA:365,0
DA:367,0
DA:368,0
DA:370,0
DA:372,0
DA:377,0
DA:378,0
DA:379,0
DA:380,0
DA:387,0
DA:389,0
DA:390,0
DA:392,0
DA:393,0
DA:395,0
DA:396,0
DA:398,0
DA:399,0
DA:403,0
DA:404,0
DA:405,0
DA:406,0
DA:411,0
DA:412,0
DA:413,0
DA:414,0
DA:417,0
DA:418,0
DA:419,0
DA:421,0
DA:422,0
DA:425,0
DA:427,0
DA:428,0
DA:431,0
DA:436,0
DA:438,0
DA:440,0
DA:442,0
DA:448,0
DA:449,0
DA:450,0
DA:454,0
DA:457,0
DA:465,0
DA:466,0
DA:467,0
DA:468,0
DA:469,0
DA:470,0
DA:471,0
DA:474,0
DA:475,0
DA:476,0
DA:479,0
DA:480,0
DA:481,0
DA:484,0
DA:485,0
DA:487,0
DA:489,0
DA:493,0
DA:494,0
DA:498,0
DA:499,0
DA:500,0
DA:503,0
DA:505,0
DA:506,0
DA:509,0
DA:510,0
DA:512,0
DA:513,0
DA:515,0
DA:516,0
DA:518,0
DA:519,0
DA:523,0
DA:524,0
DA:527,0
DA:528,0
DA:530,0
DA:531,0
DA:533,0
DA:534,0
DA:535,0
DA:541,0
DA:544,0
DA:545,0
LF:251
LH:17
BRDA:1,0,0,1
BRDA:1,0,1,0
BRDA:1,0,2,1
BRDA:2,1,0,0
BRDA:2,1,1,0
BRDA:3,2,0,0
BRDA:3,2,1,0
BRDA:6,3,0,0
BRDA:6,3,1,0
BRDA:7,4,0,0
BRDA:7,4,1,0
BRDA:18,5,0,1
BRDA:18,5,1,1
BRDA:36,6,0,1
BRDA:36,6,1,1
BRDA:76,7,0,0
BRDA:76,7,1,0
BRDA:86,8,0,0
BRDA:86,8,1,0
BRDA:110,9,0,0
BRDA:110,9,1,0
BRDA:131,10,0,0
BRDA:131,10,1,0
BRDA:131,10,2,0
BRDA:131,10,3,0
BRDA:131,10,4,0
BRDA:131,10,5,0
BRDA:131,10,6,0
BRDA:165,11,0,0
BRDA:165,11,1,0
BRDA:165,12,0,0
BRDA:165,12,1,0
BRDA:170,13,0,0
BRDA:170,13,1,0
BRDA:170,13,2,0
BRDA:170,13,3,0
BRDA:189,14,0,0
BRDA:189,14,1,0
BRDA:192,15,0,0
BRDA:192,15,1,0
BRDA:199,16,0,0
BRDA:199,16,1,0
BRDA:210,17,0,0
BRDA:210,17,1,0
BRDA:213,18,0,0
BRDA:213,18,1,0
BRDA:220,19,0,0
BRDA:220,19,1,0
BRDA:243,20,0,0
BRDA:243,20,1,0
BRDA:243,21,0,0
BRDA:243,21,1,0
BRDA:243,21,2,0
BRDA:247,22,0,0
BRDA:247,22,1,0
BRDA:247,23,0,0
BRDA:247,23,1,0
BRDA:275,24,0,0
BRDA:275,24,1,0
BRDA:298,25,0,0
BRDA:298,25,1,0
BRDA:317,26,0,0
BRDA:317,26,1,0
BRDA:334,27,0,0
BRDA:334,27,1,0
BRDA:340,28,0,0
BRDA:340,28,1,0
BRDA:358,29,0,0
BRDA:358,29,1,0
BRDA:358,29,2,0
BRDA:387,30,0,0
BRDA:387,30,1,0
BRDA:387,30,2,0
BRDA:387,30,3,0
BRDA:427,31,0,0
BRDA:427,31,1,0
BRDA:436,32,0,0
BRDA:436,32,1,0
BRDA:449,33,0,0
BRDA:449,33,1,0
BRDA:503,34,0,0
BRDA:503,34,1,0
BRDA:503,34,2,0
BRDA:503,34,3,0
BRDA:503,34,4,0
BRDA:503,34,5,0
BRDA:503,34,6,0
BRDA:503,34,7,0
BRDA:503,34,8,0
BRDA:503,34,9,0
BRF:90
BRH:6
end_of_record
TN:
SF:src\compiled\vonNeumann.js
FN:1,(anonymous_0)
FN:2,adopt
FN:2,(anonymous_2)
FN:3,(anonymous_3)
FN:4,fulfilled
FN:5,rejected
FN:6,step
FN:14,(anonymous_7)
FN:22,(anonymous_8)
FN:32,(anonymous_9)
FN:47,(anonymous_10)
FN:56,(anonymous_11)
FN:60,(anonymous_12)
FN:66,(anonymous_13)
FN:71,(anonymous_14)
FN:92,(anonymous_15)
FN:93,(anonymous_16)
FN:129,(anonymous_17)
FN:136,(anonymous_18)
FN:144,(anonymous_19)
FN:160,(anonymous_20)
FN:166,(anonymous_21)
FN:170,(anonymous_22)
FN:180,(anonymous_23)
FN:187,(anonymous_24)
FN:191,(anonymous_25)
FN:204,(anonymous_26)
FN:221,(anonymous_27)
FN:232,(anonymous_28)
FN:272,(anonymous_29)
FN:284,(anonymous_30)
FN:294,(anonymous_31)
FN:303,(anonymous_32)
FN:316,(anonymous_33)
FN:326,(anonymous_34)
FN:334,(anonymous_35)
FN:347,(anonymous_36)
FN:360,(anonymous_37)
FN:361,(anonymous_38)
FN:411,(anonymous_39)
FN:420,(anonymous_40)
FN:421,(anonymous_41)
FN:422,(anonymous_42)
FN:422,(anonymous_43)
FN:464,(anonymous_44)
FNF:45
FNH:43
FNDA:115,(anonymous_0)
FNDA:559,adopt
FNDA:0,(anonymous_2)
FNDA:115,(anonymous_3)
FNDA:559,fulfilled
FNDA:0,rejected
FNDA:674,step
FNDA:1,(anonymous_7)
FNDA:1,(anonymous_8)
FNDA:42,(anonymous_9)
FNDA:326,(anonymous_10)
FNDA:9,(anonymous_11)
FNDA:42,(anonymous_12)
FNDA:6,(anonymous_13)
FNDA:7,(anonymous_14)
FNDA:2,(anonymous_15)
FNDA:12,(anonymous_16)
FNDA:42,(anonymous_17)
FNDA:2165,(anonymous_18)
FNDA:548,(anonymous_19)
FNDA:42,(anonymous_20)
FNDA:40,(anonymous_21)
FNDA:33,(anonymous_22)
FNDA:33,(anonymous_23)
FNDA:76,(anonymous_24)
FNDA:37,(anonymous_25)
FNDA:42,(anonymous_26)
FNDA:171,(anonymous_27)
FNDA:129,(anonymous_28)
FNDA:5,(anonymous_29)
FNDA:2,(anonymous_30)
FNDA:9,(anonymous_31)
FNDA:12,(anonymous_32)
FNDA:19,(anonymous_33)
FNDA:1,(anonymous_34)
FNDA:5,(anonymous_35)
FNDA:3,(anonymous_36)
FNDA:73,(anonymous_37)
FNDA:73,(anonymous_38)
FNDA:1916,(anonymous_39)
FNDA:42,(anonymous_40)
FNDA:42,(anonymous_41)
FNDA:559,(anonymous_42)
FNDA:559,(anonymous_43)
FNDA:6,(anonymous_44)
DA:1,1
DA:2,559
DA:3,115
DA:4,559
DA:5,0
DA:6,674
DA:7,115
DA:14,1
DA:15,1
DA:16,1
DA:17,1
DA:18,1
DA:22,1
DA:23,1
DA:24,1
DA:25,1
DA:33,42
DA:35,42
DA:37,181
DA:39,181
DA:40,0
DA:43,181
DA:48,326
DA:50,326
DA:51,13
DA:54,313
DA:56,9
DA:61,42
DA:64,42
DA:67,6
DA:73,7
DA:75,7
DA:76,2
DA:77,2
DA:79,2
DA:81,5
DA:82,1
DA:83,1
DA:85,1
DA:88,4
DA:89,4
DA:92,2
DA:96,12
DA:97,12
DA:98,6
DA:101,12
DA:104,4
DA:105,4
DA:107,4
DA:108,4
DA:110,4
DA:111,4
DA:114,12
DA:115,6
DA:118,6
DA:120,12
DA:121,6
DA:124,12
DA:130,42
DA:131,42
DA:132,42
DA:133,42
DA:137,2165
DA:138,1029
DA:139,258
DA:140,771
DA:141,107
DA:145,548
DA:147,135
DA:148,135
DA:150,171
DA:151,171
DA:153,171
DA:154,171
DA:155,71
DA:161,42
DA:163,42
DA:167,40
DA:168,40
DA:172,33
DA:174,33
DA:175,0
DA:178,33
DA:181,33
DA:182,33
DA:184,0
DA:189,76
DA:192,37
DA:194,37
DA:195,0
DA:198,37
DA:206,42
DA:207,42
DA:208,42
DA:209,42
DA:211,42
DA:212,42
DA:214,42
DA:218,42
DA:223,171
DA:225,171
DA:227,171
DA:228,171
DA:229,171
DA:230,171
DA:233,129
DA:235,129
DA:236,129
DA:237,129
DA:238,129
DA:241,5
DA:242,5
DA:244,2
DA:245,2
DA:247,9
DA:248,9
DA:250,12
DA:251,12
DA:255,19
DA:256,19
DA:258,1
DA:259,1
DA:261,5
DA:262,5
DA:264,3
DA:265,3
DA:266,73
DA:275,5
DA:276,5
DA:277,5
DA:278,5
DA:279,5
DA:280,5
DA:287,2
DA:288,2
DA:289,2
DA:290,2
DA:291,2
DA:292,2
DA:296,9
DA:297,9
DA:298,9
DA:299,9
DA:300,9
DA:301,9
DA:305,12
DA:306,6
DA:307,6
DA:310,6
DA:311,6
DA:313,12
DA:314,12
DA:318,19
DA:319,19
DA:320,19
DA:321,19
DA:322,19
DA:324,19
DA:328,1
DA:329,1
DA:331,1
DA:332,1
DA:336,5
DA:337,5
DA:339,2
DA:340,2
DA:341,2
DA:342,2
DA:344,3
DA:345,3
DA:349,3
DA:350,3
DA:352,2
DA:353,2
DA:354,2
DA:355,2
DA:357,1
DA:358,1
DA:361,73
DA:364,73
DA:365,73
DA:369,33
DA:370,33
DA:371,0
DA:372,0
DA:376,0
DA:380,33
DA:381,33
DA:382,33
DA:383,33
DA:384,33
DA:387,34
DA:388,34
DA:389,34
DA:390,34
DA:391,34
DA:392,34
DA:395,6
DA:396,6
DA:399,6
DA:400,3
DA:401,3
DA:404,3
DA:406,3
DA:407,3
DA:412,1916
DA:413,1916
DA:416,0
DA:421,42
DA:422,559
DA:424,42
DA:427,171
DA:428,171
DA:431,171
DA:432,171
DA:434,171
DA:436,42
DA:437,42
DA:438,42
DA:440,129
DA:441,129
DA:443,129
DA:445,129
DA:446,129
DA:447,129
DA:448,129
DA:449,129
DA:450,129
DA:451,129
DA:453,1
DA:454,1
DA:455,1
DA:456,1
DA:460,42
DA:461,42
DA:464,6
LF:236
LH:227
BRDA:1,0,0,1
BRDA:1,0,1,0
BRDA:1,0,2,1
BRDA:2,1,0,559
BRDA:2,1,1,0
BRDA:3,2,0,115
BRDA:3,2,1,115
BRDA:6,3,0,115
BRDA:6,3,1,559
BRDA:7,4,0,115
BRDA:7,4,1,115
BRDA:19,5,0,1
BRDA:19,5,1,1
BRDA:26,6,0,1
BRDA:26,6,1,1
BRDA:39,7,0,0
BRDA:39,7,1,181
BRDA:50,8,0,13
BRDA:50,8,1,313
BRDA:75,9,0,2
BRDA:75,9,1,5
BRDA:81,10,0,1
BRDA:81,10,1,4
BRDA:97,11,0,6
BRDA:97,11,1,6
BRDA:101,12,0,4
BRDA:101,12,1,4
BRDA:101,12,2,4
BRDA:114,13,0,6
BRDA:114,13,1,6
BRDA:120,14,0,6
BRDA:120,14,1,6
BRDA:137,15,0,1029
BRDA:137,15,1,258
BRDA:137,15,2,771
BRDA:137,15,3,107
BRDA:145,16,0,135
BRDA:145,16,1,171
BRDA:145,16,2,171
BRDA:145,16,3,71
BRDA:174,17,0,0
BRDA:174,17,1,33
BRDA:181,18,0,33
BRDA:181,18,1,0
BRDA:194,19,0,0
BRDA:194,19,1,37
BRDA:214,20,0,42
BRDA:214,20,1,42
BRDA:238,21,0,5
BRDA:238,21,1,2
BRDA:238,21,2,9
BRDA:238,21,3,12
BRDA:238,21,4,19
BRDA:238,21,5,1
BRDA:238,21,6,5
BRDA:238,21,7,3
BRDA:238,21,8,73
BRDA:305,22,0,6
BRDA:305,22,1,6
BRDA:337,23,0,2
BRDA:337,23,1,3
BRDA:350,24,0,2
BRDA:350,24,1,1
BRDA:365,25,0,33
BRDA:365,25,1,34
BRDA:365,25,2,6
BRDA:370,26,0,0
BRDA:370,26,1,33
BRDA:371,27,0,0
BRDA:371,27,1,0
BRDA:399,28,0,3
BRDA:399,28,1,3
BRDA:399,29,0,6
BRDA:399,29,1,4
BRDA:412,30,0,1916
BRDA:412,30,1,0
BRDA:434,31,0,42
BRDA:434,31,1,129
BRDA:451,32,0,1
BRDA:451,32,1,128
BRF:80
BRH:70
end_of_record
